{"contracts/LimitRanger.sol":{"l":{"133":3,"134":3,"135":3,"136":3,"137":3,"138":3,"139":3,"140":3,"148":24,"149":23,"154":4,"155":2,"160":11,"161":7,"166":25,"167":24,"171":1,"172":0,"182":1,"183":1,"184":1,"190":1,"191":1,"197":3,"198":3,"210":0,"217":4,"224":2,"233":1,"234":1,"235":1,"237":1,"246":7,"247":7,"248":4,"249":4,"251":4,"259":1,"260":1,"275":23,"276":22,"277":21,"278":21,"280":21,"281":21,"282":16,"284":5,"288":19,"290":15,"291":15,"292":14,"293":14,"294":14,"297":4,"298":4,"299":3,"300":3,"301":3,"304":19,"319":19,"320":19,"321":1,"323":1,"325":19,"326":19,"328":19,"329":15,"331":4,"333":19,"334":19,"346":6,"349":6,"350":6,"351":6,"352":6,"353":6,"354":6,"355":6,"357":6,"367":19,"368":19,"369":19,"370":19,"381":8,"382":8,"384":8,"385":7,"386":7,"388":7,"389":6,"390":6,"391":4,"393":2,"397":5,"404":5,"406":5,"408":5,"415":5,"418":5,"419":5,"421":5,"423":4,"424":4,"428":5,"429":5,"430":5,"432":5,"443":10,"444":10,"445":0,"446":0,"448":10,"451":10,"452":8,"453":0,"455":8,"468":0,"469":0,"474":1,"479":1,"480":1},"path":"/Users/rince/work/misc/unilimit/limitranger-contract/contracts/LimitRanger.sol","s":{"1":3,"2":3,"3":3,"4":3,"5":3,"6":3,"7":3,"8":3,"9":24,"10":4,"11":11,"12":25,"13":1,"14":1,"15":1,"16":1,"17":1,"18":1,"19":3,"20":3,"21":0,"22":4,"23":2,"24":1,"25":1,"26":1,"27":1,"28":7,"29":7,"30":4,"31":4,"32":4,"33":1,"34":1,"35":23,"36":22,"37":21,"38":21,"39":21,"40":16,"41":5,"42":19,"43":15,"44":15,"45":14,"46":14,"47":14,"48":4,"49":4,"50":3,"51":3,"52":3,"53":19,"54":19,"55":19,"56":1,"57":18,"58":1,"59":19,"60":19,"61":19,"62":15,"63":4,"64":19,"65":19,"66":6,"67":6,"68":6,"69":6,"70":6,"71":6,"72":6,"73":6,"74":19,"75":19,"76":19,"77":19,"78":8,"79":8,"80":8,"81":7,"82":7,"83":6,"84":6,"85":4,"86":2,"87":5,"88":5,"89":5,"90":5,"91":5,"92":5,"93":5,"94":4,"95":4,"96":5,"97":5,"98":5,"99":5,"100":10,"101":10,"102":0,"103":0,"104":10,"105":10,"106":8,"107":0,"108":8,"109":0,"110":0,"111":1,"112":1,"113":1},"b":{"1":[23,1],"2":[2,2],"3":[7,4],"4":[24,1],"5":[0,1],"6":[1,0],"7":[1,0],"8":[4,0],"9":[22,1],"10":[21,1],"11":[16,5],"12":[15,1],"13":[4,1],"14":[15,4],"15":[14,1],"16":[14,0],"17":[3,1],"18":[3,0],"19":[1,18],"20":[1,17],"21":[15,4],"22":[7,1],"23":[6,1],"24":[4,2],"25":[3,1],"26":[1,1],"27":[4,1],"28":[10,0],"29":[0,10],"30":[8,2],"31":[0,8]},"f":{"1":3,"2":24,"3":4,"4":11,"5":25,"6":1,"7":1,"8":1,"9":3,"10":0,"11":4,"12":2,"13":1,"14":7,"15":1,"16":23,"17":6,"18":19,"19":8,"20":10,"21":0,"22":1,"23":1},"fnMap":{"1":{"name":"constructor","line":128,"loc":{"start":{"line":128,"column":4},"end":{"line":141,"column":4}}},"2":{"name":"checkDeadline","line":147,"loc":{"start":{"line":147,"column":4},"end":{"line":150,"column":4}}},"3":{"name":"onlyOwner","line":153,"loc":{"start":{"line":153,"column":4},"end":{"line":156,"column":4}}},"4":{"name":"onlyOperator","line":159,"loc":{"start":{"line":159,"column":4},"end":{"line":162,"column":4}}},"5":{"name":"onlyDepositsActive","line":165,"loc":{"start":{"line":165,"column":4},"end":{"line":168,"column":4}}},"6":{"name":"onlyNonfungiblePositionManager","line":170,"loc":{"start":{"line":170,"column":4},"end":{"line":173,"column":4}}},"7":{"name":"setProtocolFeeReceiver","line":181,"loc":{"start":{"line":181,"column":4},"end":{"line":185,"column":4}}},"8":{"name":"setMinimumFee","line":189,"loc":{"start":{"line":189,"column":4},"end":{"line":192,"column":4}}},"9":{"name":"setDepositsActive","line":196,"loc":{"start":{"line":196,"column":4},"end":{"line":199,"column":4}}},"10":{"name":"getOwner","line":209,"loc":{"start":{"line":209,"column":4},"end":{"line":211,"column":4}}},"11":{"name":"getOwnedPositions","line":216,"loc":{"start":{"line":216,"column":4},"end":{"line":218,"column":4}}},"12":{"name":"getPositionInfo","line":223,"loc":{"start":{"line":223,"column":4},"end":{"line":225,"column":4}}},"13":{"name":"cancelPosition","line":232,"loc":{"start":{"line":232,"column":4},"end":{"line":238,"column":4}}},"14":{"name":"stopPosition","line":245,"loc":{"start":{"line":245,"column":4},"end":{"line":252,"column":4}}},"15":{"name":"retrieveNFT","line":258,"loc":{"start":{"line":258,"column":4},"end":{"line":261,"column":4}}},"16":{"name":"mintNewPosition","line":270,"loc":{"start":{"line":266,"column":4},"end":{"line":335,"column":4}}},"17":{"name":"_removePosition","line":344,"loc":{"start":{"line":344,"column":4},"end":{"line":358,"column":4}}},"18":{"name":"_storePositionInfo","line":366,"loc":{"start":{"line":366,"column":4},"end":{"line":371,"column":4}}},"19":{"name":"_payOutPosition","line":379,"loc":{"start":{"line":379,"column":4},"end":{"line":433,"column":4}}},"20":{"name":"_payOutToken","line":442,"loc":{"start":{"line":442,"column":4},"end":{"line":458,"column":4}}},"21":{"name":"onERC721Received","line":467,"loc":{"start":{"line":462,"column":4},"end":{"line":470,"column":4}}},"22":{"name":"retrieveEth","line":473,"loc":{"start":{"line":473,"column":4},"end":{"line":475,"column":4}}},"23":{"name":"retrieveERC20","line":478,"loc":{"start":{"line":478,"column":4},"end":{"line":481,"column":4}}}},"statementMap":{"1":{"start":{"line":133,"column":8},"end":{"line":133,"column":63}},"2":{"start":{"line":134,"column":8},"end":{"line":134,"column":43}},"3":{"start":{"line":135,"column":8},"end":{"line":135,"column":43}},"4":{"start":{"line":136,"column":8},"end":{"line":136,"column":21}},"5":{"start":{"line":137,"column":8},"end":{"line":137,"column":36}},"6":{"start":{"line":138,"column":8},"end":{"line":138,"column":48}},"7":{"start":{"line":139,"column":8},"end":{"line":139,"column":24}},"8":{"start":{"line":140,"column":8},"end":{"line":140,"column":28}},"9":{"start":{"line":148,"column":8},"end":{"line":148,"column":66}},"10":{"start":{"line":154,"column":8},"end":{"line":154,"column":106}},"11":{"start":{"line":160,"column":8},"end":{"line":160,"column":96}},"12":{"start":{"line":166,"column":8},"end":{"line":166,"column":65}},"13":{"start":{"line":171,"column":8},"end":{"line":171,"column":90}},"14":{"start":{"line":182,"column":8},"end":{"line":182,"column":38}},"15":{"start":{"line":183,"column":8},"end":{"line":183,"column":46}},"16":{"start":{"line":184,"column":8},"end":{"line":184,"column":37}},"17":{"start":{"line":190,"column":8},"end":{"line":190,"column":26}},"18":{"start":{"line":191,"column":8},"end":{"line":191,"column":31}},"19":{"start":{"line":197,"column":8},"end":{"line":197,"column":30}},"20":{"start":{"line":198,"column":8},"end":{"line":198,"column":38}},"21":{"start":{"line":210,"column":8},"end":{"line":210,"column":44}},"22":{"start":{"line":217,"column":8},"end":{"line":217,"column":33}},"23":{"start":{"line":224,"column":8},"end":{"line":224,"column":37}},"24":{"start":{"line":233,"column":8},"end":{"line":233,"column":53}},"25":{"start":{"line":234,"column":8},"end":{"line":234,"column":10348}},"26":{"start":{"line":235,"column":12},"end":{"line":235,"column":52}},"27":{"start":{"line":237,"column":8},"end":{"line":237,"column":21}},"28":{"start":{"line":246,"column":8},"end":{"line":246,"column":52}},"29":{"start":{"line":247,"column":8},"end":{"line":247,"column":52}},"30":{"start":{"line":248,"column":8},"end":{"line":248,"column":11104}},"31":{"start":{"line":249,"column":12},"end":{"line":249,"column":46}},"32":{"start":{"line":251,"column":8},"end":{"line":251,"column":21}},"33":{"start":{"line":259,"column":8},"end":{"line":259,"column":43}},"34":{"start":{"line":260,"column":8},"end":{"line":260,"column":48}},"35":{"start":{"line":275,"column":8},"end":{"line":275,"column":114}},"36":{"start":{"line":276,"column":8},"end":{"line":276,"column":79}},"37":{"start":{"line":278,"column":12},"end":{"line":278,"column":120}},"38":{"start":{"line":280,"column":12},"end":{"line":280,"column":45}},"39":{"start":{"line":281,"column":12},"end":{"line":281,"column":12500}},"40":{"start":{"line":282,"column":16},"end":{"line":282,"column":106}},"41":{"start":{"line":284,"column":16},"end":{"line":284,"column":106}},"42":{"start":{"line":288,"column":8},"end":{"line":288,"column":12837}},"43":{"start":{"line":290,"column":12},"end":{"line":290,"column":48}},"44":{"start":{"line":291,"column":12},"end":{"line":291,"column":12972}},"45":{"start":{"line":292,"column":16},"end":{"line":292,"column":96}},"46":{"start":{"line":293,"column":16},"end":{"line":293,"column":58}},"47":{"start":{"line":294,"column":16},"end":{"line":294,"column":114}},"48":{"start":{"line":297,"column":12},"end":{"line":297,"column":48}},"49":{"start":{"line":298,"column":12},"end":{"line":298,"column":13374}},"50":{"start":{"line":299,"column":16},"end":{"line":299,"column":96}},"51":{"start":{"line":300,"column":16},"end":{"line":300,"column":58}},"52":{"start":{"line":301,"column":16},"end":{"line":301,"column":114}},"53":{"start":{"line":304,"column":8},"end":{"line":304,"column":13705}},"54":{"start":{"line":319,"column":8},"end":{"line":319,"column":29}},"55":{"start":{"line":320,"column":8},"end":{"line":320,"column":14323}},"56":{"start":{"line":321,"column":12},"end":{"line":321,"column":42}},"57":{"start":{"line":322,"column":15},"end":{"line":322,"column":14421}},"58":{"start":{"line":323,"column":12},"end":{"line":323,"column":42}},"59":{"start":{"line":325,"column":8},"end":{"line":325,"column":29}},"60":{"start":{"line":326,"column":8},"end":{"line":326,"column":91}},"61":{"start":{"line":328,"column":8},"end":{"line":328,"column":14649}},"62":{"start":{"line":329,"column":12},"end":{"line":329,"column":117}},"63":{"start":{"line":331,"column":12},"end":{"line":331,"column":118}},"64":{"start":{"line":333,"column":8},"end":{"line":333,"column":81}},"65":{"start":{"line":334,"column":8},"end":{"line":334,"column":22}},"66":{"start":{"line":349,"column":8},"end":{"line":349,"column":54}},"67":{"start":{"line":350,"column":8},"end":{"line":350,"column":70}},"68":{"start":{"line":351,"column":8},"end":{"line":351,"column":65}},"69":{"start":{"line":352,"column":8},"end":{"line":352,"column":52}},"70":{"start":{"line":353,"column":8},"end":{"line":353,"column":34}},"71":{"start":{"line":354,"column":8},"end":{"line":354,"column":36}},"72":{"start":{"line":355,"column":8},"end":{"line":355,"column":47}},"73":{"start":{"line":357,"column":8},"end":{"line":357,"column":84}},"74":{"start":{"line":367,"column":8},"end":{"line":367,"column":160}},"75":{"start":{"line":368,"column":8},"end":{"line":368,"column":50}},"76":{"start":{"line":369,"column":8},"end":{"line":369,"column":39}},"77":{"start":{"line":370,"column":8},"end":{"line":370,"column":41}},"78":{"start":{"line":381,"column":8},"end":{"line":381,"column":128}},"79":{"start":{"line":382,"column":8},"end":{"line":382,"column":61}},"80":{"start":{"line":384,"column":8},"end":{"line":384,"column":66}},"81":{"start":{"line":386,"column":12},"end":{"line":386,"column":95}},"82":{"start":{"line":388,"column":12},"end":{"line":388,"column":18621}},"83":{"start":{"line":389,"column":16},"end":{"line":389,"column":49}},"84":{"start":{"line":390,"column":16},"end":{"line":390,"column":18716}},"85":{"start":{"line":391,"column":20},"end":{"line":391,"column":120}},"86":{"start":{"line":393,"column":20},"end":{"line":393,"column":120}},"87":{"start":{"line":397,"column":12},"end":{"line":397,"column":19109}},"88":{"start":{"line":404,"column":12},"end":{"line":404,"column":63}},"89":{"start":{"line":408,"column":12},"end":{"line":408,"column":19611}},"90":{"start":{"line":415,"column":12},"end":{"line":415,"column":110}},"91":{"start":{"line":418,"column":12},"end":{"line":418,"column":28}},"92":{"start":{"line":419,"column":12},"end":{"line":419,"column":28}},"93":{"start":{"line":421,"column":12},"end":{"line":421,"column":20168}},"94":{"start":{"line":423,"column":16},"end":{"line":423,"column":62}},"95":{"start":{"line":424,"column":16},"end":{"line":424,"column":62}},"96":{"start":{"line":428,"column":12},"end":{"line":428,"column":96}},"97":{"start":{"line":429,"column":12},"end":{"line":429,"column":96}},"98":{"start":{"line":430,"column":12},"end":{"line":430,"column":51}},"99":{"start":{"line":432,"column":8},"end":{"line":432,"column":19}},"100":{"start":{"line":443,"column":8},"end":{"line":443,"column":21431}},"101":{"start":{"line":444,"column":12},"end":{"line":444,"column":21473}},"102":{"start":{"line":445,"column":16},"end":{"line":445,"column":46}},"103":{"start":{"line":446,"column":16},"end":{"line":446,"column":78}},"104":{"start":{"line":448,"column":16},"end":{"line":448,"column":82}},"105":{"start":{"line":451,"column":8},"end":{"line":451,"column":21786}},"106":{"start":{"line":452,"column":12},"end":{"line":452,"column":21816}},"107":{"start":{"line":453,"column":16},"end":{"line":453,"column":71}},"108":{"start":{"line":455,"column":16},"end":{"line":455,"column":75}},"109":{"start":{"line":468,"column":8},"end":{"line":468,"column":82}},"110":{"start":{"line":469,"column":8},"end":{"line":469,"column":45}},"111":{"start":{"line":474,"column":8},"end":{"line":474,"column":62}},"112":{"start":{"line":479,"column":8},"end":{"line":479,"column":36}},"113":{"start":{"line":480,"column":8},"end":{"line":480,"column":94}}},"branchMap":{"1":{"line":148,"type":"if","locations":[{"start":{"line":148,"column":8},"end":{"line":148,"column":8}},{"start":{"line":148,"column":8},"end":{"line":148,"column":8}}]},"2":{"line":154,"type":"if","locations":[{"start":{"line":154,"column":8},"end":{"line":154,"column":8}},{"start":{"line":154,"column":8},"end":{"line":154,"column":8}}]},"3":{"line":160,"type":"if","locations":[{"start":{"line":160,"column":8},"end":{"line":160,"column":8}},{"start":{"line":160,"column":8},"end":{"line":160,"column":8}}]},"4":{"line":166,"type":"if","locations":[{"start":{"line":166,"column":8},"end":{"line":166,"column":8}},{"start":{"line":166,"column":8},"end":{"line":166,"column":8}}]},"5":{"line":171,"type":"if","locations":[{"start":{"line":171,"column":8},"end":{"line":171,"column":8}},{"start":{"line":171,"column":8},"end":{"line":171,"column":8}}]},"6":{"line":182,"type":"if","locations":[{"start":{"line":182,"column":8},"end":{"line":182,"column":8}},{"start":{"line":182,"column":8},"end":{"line":182,"column":8}}]},"7":{"line":234,"type":"if","locations":[{"start":{"line":234,"column":8},"end":{"line":234,"column":8}},{"start":{"line":234,"column":8},"end":{"line":234,"column":8}}]},"8":{"line":248,"type":"if","locations":[{"start":{"line":248,"column":8},"end":{"line":248,"column":8}},{"start":{"line":248,"column":8},"end":{"line":248,"column":8}}]},"9":{"line":275,"type":"if","locations":[{"start":{"line":275,"column":8},"end":{"line":275,"column":8}},{"start":{"line":275,"column":8},"end":{"line":275,"column":8}}]},"10":{"line":276,"type":"if","locations":[{"start":{"line":276,"column":8},"end":{"line":276,"column":8}},{"start":{"line":276,"column":8},"end":{"line":276,"column":8}}]},"11":{"line":281,"type":"if","locations":[{"start":{"line":281,"column":12},"end":{"line":281,"column":12}},{"start":{"line":281,"column":12},"end":{"line":281,"column":12}}]},"12":{"line":282,"type":"if","locations":[{"start":{"line":282,"column":16},"end":{"line":282,"column":16}},{"start":{"line":282,"column":16},"end":{"line":282,"column":16}}]},"13":{"line":284,"type":"if","locations":[{"start":{"line":284,"column":16},"end":{"line":284,"column":16}},{"start":{"line":284,"column":16},"end":{"line":284,"column":16}}]},"14":{"line":288,"type":"if","locations":[{"start":{"line":288,"column":8},"end":{"line":288,"column":8}},{"start":{"line":288,"column":8},"end":{"line":288,"column":8}}]},"15":{"line":291,"type":"if","locations":[{"start":{"line":291,"column":12},"end":{"line":291,"column":12}},{"start":{"line":291,"column":12},"end":{"line":291,"column":12}}]},"16":{"line":293,"type":"if","locations":[{"start":{"line":293,"column":16},"end":{"line":293,"column":16}},{"start":{"line":293,"column":16},"end":{"line":293,"column":16}}]},"17":{"line":298,"type":"if","locations":[{"start":{"line":298,"column":12},"end":{"line":298,"column":12}},{"start":{"line":298,"column":12},"end":{"line":298,"column":12}}]},"18":{"line":300,"type":"if","locations":[{"start":{"line":300,"column":16},"end":{"line":300,"column":16}},{"start":{"line":300,"column":16},"end":{"line":300,"column":16}}]},"19":{"line":320,"type":"if","locations":[{"start":{"line":320,"column":8},"end":{"line":320,"column":8}},{"start":{"line":320,"column":8},"end":{"line":320,"column":8}}]},"20":{"line":322,"type":"if","locations":[{"start":{"line":322,"column":15},"end":{"line":322,"column":15}},{"start":{"line":322,"column":15},"end":{"line":322,"column":15}}]},"21":{"line":328,"type":"if","locations":[{"start":{"line":328,"column":8},"end":{"line":328,"column":8}},{"start":{"line":328,"column":8},"end":{"line":328,"column":8}}]},"22":{"line":384,"type":"if","locations":[{"start":{"line":384,"column":8},"end":{"line":384,"column":8}},{"start":{"line":384,"column":8},"end":{"line":384,"column":8}}]},"23":{"line":388,"type":"if","locations":[{"start":{"line":388,"column":12},"end":{"line":388,"column":12}},{"start":{"line":388,"column":12},"end":{"line":388,"column":12}}]},"24":{"line":390,"type":"if","locations":[{"start":{"line":390,"column":16},"end":{"line":390,"column":16}},{"start":{"line":390,"column":16},"end":{"line":390,"column":16}}]},"25":{"line":391,"type":"if","locations":[{"start":{"line":391,"column":20},"end":{"line":391,"column":20}},{"start":{"line":391,"column":20},"end":{"line":391,"column":20}}]},"26":{"line":393,"type":"if","locations":[{"start":{"line":393,"column":20},"end":{"line":393,"column":20}},{"start":{"line":393,"column":20},"end":{"line":393,"column":20}}]},"27":{"line":421,"type":"if","locations":[{"start":{"line":421,"column":12},"end":{"line":421,"column":12}},{"start":{"line":421,"column":12},"end":{"line":421,"column":12}}]},"28":{"line":443,"type":"if","locations":[{"start":{"line":443,"column":8},"end":{"line":443,"column":8}},{"start":{"line":443,"column":8},"end":{"line":443,"column":8}}]},"29":{"line":444,"type":"if","locations":[{"start":{"line":444,"column":12},"end":{"line":444,"column":12}},{"start":{"line":444,"column":12},"end":{"line":444,"column":12}}]},"30":{"line":451,"type":"if","locations":[{"start":{"line":451,"column":8},"end":{"line":451,"column":8}},{"start":{"line":451,"column":8},"end":{"line":451,"column":8}}]},"31":{"line":452,"type":"if","locations":[{"start":{"line":452,"column":12},"end":{"line":452,"column":12}},{"start":{"line":452,"column":12},"end":{"line":452,"column":12}}]}}},"contracts/test/TestERC20.sol":{"l":{"7":6,"8":6,"12":51,"13":51},"path":"/Users/rince/work/misc/unilimit/limitranger-contract/contracts/test/TestERC20.sol","s":{"1":6,"2":6,"3":51,"4":51},"b":{},"f":{"1":6,"2":51},"fnMap":{"1":{"name":"constructor","line":6,"loc":{"start":{"line":6,"column":4},"end":{"line":9,"column":4}}},"2":{"name":"mint","line":11,"loc":{"start":{"line":11,"column":4},"end":{"line":14,"column":4}}}},"statementMap":{"1":{"start":{"line":7,"column":8},"end":{"line":7,"column":31}},"2":{"start":{"line":8,"column":8},"end":{"line":8,"column":54}},"3":{"start":{"line":12,"column":8},"end":{"line":12,"column":24}},"4":{"start":{"line":13,"column":8},"end":{"line":13,"column":19}}},"branchMap":{}},"contracts/test/TestERC721.sol":{"l":{"11":1,"12":1},"path":"/Users/rince/work/misc/unilimit/limitranger-contract/contracts/test/TestERC721.sol","s":{"1":1,"2":1},"b":{},"f":{"1":3,"2":1},"fnMap":{"1":{"name":"constructor","line":6,"loc":{"start":{"line":6,"column":4},"end":{"line":8,"column":4}}},"2":{"name":"mint","line":10,"loc":{"start":{"line":10,"column":4},"end":{"line":13,"column":4}}}},"statementMap":{"1":{"start":{"line":11,"column":8},"end":{"line":11,"column":29}},"2":{"start":{"line":12,"column":8},"end":{"line":12,"column":19}}},"branchMap":{}}}