{"contracts/LimitRanger.sol":{"l":{"143":6,"144":6,"145":6,"146":6,"147":6,"148":6,"149":6,"150":6,"151":6,"159":29,"160":28,"165":5,"166":3,"171":26,"172":18,"177":30,"178":29,"188":4,"189":3,"190":3,"196":4,"197":3,"198":3,"204":1,"205":1,"211":3,"212":3,"218":4,"219":3,"220":3,"232":1,"239":4,"246":1,"255":2,"256":2,"257":2,"259":2,"268":9,"269":9,"270":6,"271":6,"273":6,"281":1,"282":1,"297":28,"298":27,"299":26,"300":26,"302":26,"303":26,"304":19,"306":7,"310":24,"312":18,"313":18,"314":17,"315":17,"316":17,"319":6,"320":6,"321":4,"322":4,"323":4,"326":24,"341":24,"342":24,"343":2,"345":2,"347":24,"348":24,"350":24,"351":18,"353":6,"355":24,"356":24,"368":9,"371":9,"372":9,"373":9,"374":9,"375":9,"376":9,"377":9,"379":9,"389":24,"390":24,"391":24,"392":24,"403":11,"404":11,"406":11,"407":10,"408":10,"410":10,"411":8,"412":8,"413":5,"415":3,"419":8,"426":8,"428":8,"430":8,"437":8,"440":8,"441":8,"443":8,"445":6,"446":6,"450":8,"451":8,"452":8,"454":8,"465":16,"466":15,"467":2,"468":2,"470":13,"473":16,"475":12,"476":12,"477":1,"479":11,"481":12,"482":4,"483":1,"485":3,"494":1,"499":1,"500":1},"path":"/Users/rince/work/misc/unilimit/limitranger-contract/contracts/LimitRanger.sol","s":{"1":6,"2":6,"3":6,"4":6,"5":6,"6":6,"7":6,"8":6,"9":6,"10":29,"11":5,"12":26,"13":30,"14":4,"15":3,"16":3,"17":4,"18":3,"19":3,"20":1,"21":1,"22":3,"23":3,"24":4,"25":3,"26":3,"27":1,"28":4,"29":1,"30":2,"31":2,"32":2,"33":2,"34":9,"35":9,"36":6,"37":6,"38":6,"39":1,"40":1,"41":28,"42":27,"43":26,"44":26,"45":26,"46":19,"47":7,"48":24,"49":18,"50":18,"51":17,"52":17,"53":17,"54":6,"55":6,"56":4,"57":4,"58":4,"59":24,"60":24,"61":24,"62":2,"63":22,"64":2,"65":24,"66":24,"67":24,"68":18,"69":6,"70":24,"71":24,"72":9,"73":9,"74":9,"75":9,"76":9,"77":9,"78":9,"79":9,"80":24,"81":24,"82":24,"83":24,"84":11,"85":11,"86":11,"87":10,"88":10,"89":8,"90":8,"91":5,"92":3,"93":8,"94":8,"95":8,"96":8,"97":8,"98":8,"99":8,"100":6,"101":6,"102":8,"103":8,"104":8,"105":8,"106":16,"107":15,"108":2,"109":2,"110":13,"111":16,"112":12,"113":12,"114":1,"115":11,"116":12,"117":4,"118":1,"119":3,"120":1,"121":1,"122":1},"b":{"1":[28,1],"2":[3,2],"3":[18,8],"4":[29,1],"5":[3,1],"6":[3,1],"7":[3,1],"8":[2,0],"9":[6,0],"10":[27,1],"11":[26,1],"12":[19,7],"13":[18,1],"14":[6,1],"15":[18,6],"16":[17,1],"17":[17,0],"18":[4,2],"19":[4,0],"20":[2,22],"21":[2,20],"22":[18,6],"23":[10,1],"24":[8,2],"25":[5,3],"26":[4,1],"27":[2,1],"28":[6,2],"29":[15,1],"30":[2,13],"31":[12,4],"32":[1,11],"33":[4,8],"34":[1,3]},"f":{"1":6,"2":29,"3":5,"4":26,"5":30,"6":4,"7":4,"8":1,"9":3,"10":4,"11":1,"12":4,"13":1,"14":2,"15":9,"16":1,"17":28,"18":9,"19":24,"20":11,"21":16,"22":1,"23":1},"fnMap":{"1":{"name":"constructor","line":138,"loc":{"start":{"line":138,"column":4},"end":{"line":152,"column":4}}},"2":{"name":"checkDeadline","line":158,"loc":{"start":{"line":158,"column":4},"end":{"line":161,"column":4}}},"3":{"name":"onlyOwner","line":164,"loc":{"start":{"line":164,"column":4},"end":{"line":167,"column":4}}},"4":{"name":"onlyOperator","line":170,"loc":{"start":{"line":170,"column":4},"end":{"line":173,"column":4}}},"5":{"name":"onlyDepositsActive","line":176,"loc":{"start":{"line":176,"column":4},"end":{"line":179,"column":4}}},"6":{"name":"setProtocolFeeReceiver","line":187,"loc":{"start":{"line":187,"column":4},"end":{"line":191,"column":4}}},"7":{"name":"setProtocolOperator","line":195,"loc":{"start":{"line":195,"column":4},"end":{"line":199,"column":4}}},"8":{"name":"setMinimumFee","line":203,"loc":{"start":{"line":203,"column":4},"end":{"line":206,"column":4}}},"9":{"name":"setDepositsActive","line":210,"loc":{"start":{"line":210,"column":4},"end":{"line":213,"column":4}}},"10":{"name":"setStopPositionReward","line":217,"loc":{"start":{"line":217,"column":4},"end":{"line":221,"column":4}}},"11":{"name":"getOwner","line":231,"loc":{"start":{"line":231,"column":4},"end":{"line":233,"column":4}}},"12":{"name":"getOwnedPositions","line":238,"loc":{"start":{"line":238,"column":4},"end":{"line":240,"column":4}}},"13":{"name":"getPositionInfo","line":245,"loc":{"start":{"line":245,"column":4},"end":{"line":247,"column":4}}},"14":{"name":"cancelPosition","line":254,"loc":{"start":{"line":254,"column":4},"end":{"line":260,"column":4}}},"15":{"name":"stopPosition","line":267,"loc":{"start":{"line":267,"column":4},"end":{"line":274,"column":4}}},"16":{"name":"retrieveNFT","line":280,"loc":{"start":{"line":280,"column":4},"end":{"line":283,"column":4}}},"17":{"name":"mintNewPosition","line":292,"loc":{"start":{"line":288,"column":4},"end":{"line":357,"column":4}}},"18":{"name":"_removePosition","line":366,"loc":{"start":{"line":366,"column":4},"end":{"line":380,"column":4}}},"19":{"name":"_storePositionInfo","line":388,"loc":{"start":{"line":388,"column":4},"end":{"line":393,"column":4}}},"20":{"name":"_payOutPosition","line":401,"loc":{"start":{"line":401,"column":4},"end":{"line":455,"column":4}}},"21":{"name":"_payOutToken","line":464,"loc":{"start":{"line":464,"column":4},"end":{"line":489,"column":4}}},"22":{"name":"retrieveEth","line":493,"loc":{"start":{"line":493,"column":4},"end":{"line":495,"column":4}}},"23":{"name":"retrieveERC20","line":498,"loc":{"start":{"line":498,"column":4},"end":{"line":501,"column":4}}}},"statementMap":{"1":{"start":{"line":143,"column":8},"end":{"line":143,"column":63}},"2":{"start":{"line":144,"column":8},"end":{"line":144,"column":43}},"3":{"start":{"line":145,"column":8},"end":{"line":145,"column":43}},"4":{"start":{"line":146,"column":8},"end":{"line":146,"column":21}},"5":{"start":{"line":147,"column":8},"end":{"line":147,"column":36}},"6":{"start":{"line":148,"column":8},"end":{"line":148,"column":48}},"7":{"start":{"line":149,"column":8},"end":{"line":149,"column":24}},"8":{"start":{"line":150,"column":8},"end":{"line":150,"column":36}},"9":{"start":{"line":151,"column":8},"end":{"line":151,"column":28}},"10":{"start":{"line":159,"column":8},"end":{"line":159,"column":66}},"11":{"start":{"line":165,"column":8},"end":{"line":165,"column":106}},"12":{"start":{"line":171,"column":8},"end":{"line":171,"column":96}},"13":{"start":{"line":177,"column":8},"end":{"line":177,"column":65}},"14":{"start":{"line":188,"column":8},"end":{"line":188,"column":65}},"15":{"start":{"line":189,"column":8},"end":{"line":189,"column":46}},"16":{"start":{"line":190,"column":8},"end":{"line":190,"column":37}},"17":{"start":{"line":196,"column":8},"end":{"line":196,"column":68}},"18":{"start":{"line":197,"column":8},"end":{"line":197,"column":37}},"19":{"start":{"line":198,"column":8},"end":{"line":198,"column":37}},"20":{"start":{"line":204,"column":8},"end":{"line":204,"column":26}},"21":{"start":{"line":205,"column":8},"end":{"line":205,"column":31}},"22":{"start":{"line":211,"column":8},"end":{"line":211,"column":30}},"23":{"start":{"line":212,"column":8},"end":{"line":212,"column":38}},"24":{"start":{"line":218,"column":8},"end":{"line":218,"column":56}},"25":{"start":{"line":219,"column":8},"end":{"line":219,"column":41}},"26":{"start":{"line":220,"column":8},"end":{"line":220,"column":42}},"27":{"start":{"line":232,"column":8},"end":{"line":232,"column":44}},"28":{"start":{"line":239,"column":8},"end":{"line":239,"column":33}},"29":{"start":{"line":246,"column":8},"end":{"line":246,"column":37}},"30":{"start":{"line":255,"column":8},"end":{"line":255,"column":53}},"31":{"start":{"line":256,"column":8},"end":{"line":256,"column":11469}},"32":{"start":{"line":257,"column":12},"end":{"line":257,"column":52}},"33":{"start":{"line":259,"column":8},"end":{"line":259,"column":21}},"34":{"start":{"line":268,"column":8},"end":{"line":268,"column":52}},"35":{"start":{"line":269,"column":8},"end":{"line":269,"column":52}},"36":{"start":{"line":270,"column":8},"end":{"line":270,"column":12225}},"37":{"start":{"line":271,"column":12},"end":{"line":271,"column":46}},"38":{"start":{"line":273,"column":8},"end":{"line":273,"column":21}},"39":{"start":{"line":281,"column":8},"end":{"line":281,"column":43}},"40":{"start":{"line":282,"column":8},"end":{"line":282,"column":48}},"41":{"start":{"line":297,"column":8},"end":{"line":297,"column":114}},"42":{"start":{"line":298,"column":8},"end":{"line":298,"column":79}},"43":{"start":{"line":300,"column":12},"end":{"line":300,"column":120}},"44":{"start":{"line":302,"column":12},"end":{"line":302,"column":45}},"45":{"start":{"line":303,"column":12},"end":{"line":303,"column":13621}},"46":{"start":{"line":304,"column":16},"end":{"line":304,"column":106}},"47":{"start":{"line":306,"column":16},"end":{"line":306,"column":106}},"48":{"start":{"line":310,"column":8},"end":{"line":310,"column":13958}},"49":{"start":{"line":312,"column":12},"end":{"line":312,"column":48}},"50":{"start":{"line":313,"column":12},"end":{"line":313,"column":14093}},"51":{"start":{"line":314,"column":16},"end":{"line":314,"column":96}},"52":{"start":{"line":315,"column":16},"end":{"line":315,"column":58}},"53":{"start":{"line":316,"column":16},"end":{"line":316,"column":114}},"54":{"start":{"line":319,"column":12},"end":{"line":319,"column":48}},"55":{"start":{"line":320,"column":12},"end":{"line":320,"column":14495}},"56":{"start":{"line":321,"column":16},"end":{"line":321,"column":96}},"57":{"start":{"line":322,"column":16},"end":{"line":322,"column":58}},"58":{"start":{"line":323,"column":16},"end":{"line":323,"column":114}},"59":{"start":{"line":326,"column":8},"end":{"line":326,"column":14826}},"60":{"start":{"line":341,"column":8},"end":{"line":341,"column":29}},"61":{"start":{"line":342,"column":8},"end":{"line":342,"column":15444}},"62":{"start":{"line":343,"column":12},"end":{"line":343,"column":42}},"63":{"start":{"line":344,"column":15},"end":{"line":344,"column":15542}},"64":{"start":{"line":345,"column":12},"end":{"line":345,"column":42}},"65":{"start":{"line":347,"column":8},"end":{"line":347,"column":29}},"66":{"start":{"line":348,"column":8},"end":{"line":348,"column":91}},"67":{"start":{"line":350,"column":8},"end":{"line":350,"column":15770}},"68":{"start":{"line":351,"column":12},"end":{"line":351,"column":117}},"69":{"start":{"line":353,"column":12},"end":{"line":353,"column":118}},"70":{"start":{"line":355,"column":8},"end":{"line":355,"column":81}},"71":{"start":{"line":356,"column":8},"end":{"line":356,"column":22}},"72":{"start":{"line":371,"column":8},"end":{"line":371,"column":54}},"73":{"start":{"line":372,"column":8},"end":{"line":372,"column":70}},"74":{"start":{"line":373,"column":8},"end":{"line":373,"column":65}},"75":{"start":{"line":374,"column":8},"end":{"line":374,"column":52}},"76":{"start":{"line":375,"column":8},"end":{"line":375,"column":34}},"77":{"start":{"line":376,"column":8},"end":{"line":376,"column":36}},"78":{"start":{"line":377,"column":8},"end":{"line":377,"column":47}},"79":{"start":{"line":379,"column":8},"end":{"line":379,"column":84}},"80":{"start":{"line":389,"column":8},"end":{"line":389,"column":160}},"81":{"start":{"line":390,"column":8},"end":{"line":390,"column":50}},"82":{"start":{"line":391,"column":8},"end":{"line":391,"column":39}},"83":{"start":{"line":392,"column":8},"end":{"line":392,"column":41}},"84":{"start":{"line":403,"column":8},"end":{"line":403,"column":128}},"85":{"start":{"line":404,"column":8},"end":{"line":404,"column":61}},"86":{"start":{"line":406,"column":8},"end":{"line":406,"column":66}},"87":{"start":{"line":408,"column":12},"end":{"line":408,"column":95}},"88":{"start":{"line":410,"column":12},"end":{"line":410,"column":19742}},"89":{"start":{"line":411,"column":16},"end":{"line":411,"column":49}},"90":{"start":{"line":412,"column":16},"end":{"line":412,"column":19837}},"91":{"start":{"line":413,"column":20},"end":{"line":413,"column":120}},"92":{"start":{"line":415,"column":20},"end":{"line":415,"column":120}},"93":{"start":{"line":419,"column":12},"end":{"line":419,"column":20230}},"94":{"start":{"line":426,"column":12},"end":{"line":426,"column":63}},"95":{"start":{"line":430,"column":12},"end":{"line":430,"column":20732}},"96":{"start":{"line":437,"column":12},"end":{"line":437,"column":110}},"97":{"start":{"line":440,"column":12},"end":{"line":440,"column":28}},"98":{"start":{"line":441,"column":12},"end":{"line":441,"column":28}},"99":{"start":{"line":443,"column":12},"end":{"line":443,"column":21289}},"100":{"start":{"line":445,"column":16},"end":{"line":445,"column":62}},"101":{"start":{"line":446,"column":16},"end":{"line":446,"column":62}},"102":{"start":{"line":450,"column":12},"end":{"line":450,"column":96}},"103":{"start":{"line":451,"column":12},"end":{"line":451,"column":96}},"104":{"start":{"line":452,"column":12},"end":{"line":452,"column":51}},"105":{"start":{"line":454,"column":8},"end":{"line":454,"column":19}},"106":{"start":{"line":465,"column":8},"end":{"line":465,"column":22552}},"107":{"start":{"line":466,"column":12},"end":{"line":466,"column":22594}},"108":{"start":{"line":467,"column":16},"end":{"line":467,"column":46}},"109":{"start":{"line":468,"column":16},"end":{"line":468,"column":78}},"110":{"start":{"line":470,"column":16},"end":{"line":470,"column":82}},"111":{"start":{"line":473,"column":8},"end":{"line":473,"column":22907}},"112":{"start":{"line":475,"column":12},"end":{"line":475,"column":66}},"113":{"start":{"line":476,"column":12},"end":{"line":476,"column":23069}},"114":{"start":{"line":477,"column":16},"end":{"line":477,"column":80}},"115":{"start":{"line":479,"column":16},"end":{"line":479,"column":84}},"116":{"start":{"line":481,"column":12},"end":{"line":481,"column":23335}},"117":{"start":{"line":482,"column":16},"end":{"line":482,"column":23372}},"118":{"start":{"line":483,"column":20},"end":{"line":483,"column":69}},"119":{"start":{"line":485,"column":20},"end":{"line":485,"column":73}},"120":{"start":{"line":494,"column":8},"end":{"line":494,"column":62}},"121":{"start":{"line":499,"column":8},"end":{"line":499,"column":36}},"122":{"start":{"line":500,"column":8},"end":{"line":500,"column":94}}},"branchMap":{"1":{"line":159,"type":"if","locations":[{"start":{"line":159,"column":8},"end":{"line":159,"column":8}},{"start":{"line":159,"column":8},"end":{"line":159,"column":8}}]},"2":{"line":165,"type":"if","locations":[{"start":{"line":165,"column":8},"end":{"line":165,"column":8}},{"start":{"line":165,"column":8},"end":{"line":165,"column":8}}]},"3":{"line":171,"type":"if","locations":[{"start":{"line":171,"column":8},"end":{"line":171,"column":8}},{"start":{"line":171,"column":8},"end":{"line":171,"column":8}}]},"4":{"line":177,"type":"if","locations":[{"start":{"line":177,"column":8},"end":{"line":177,"column":8}},{"start":{"line":177,"column":8},"end":{"line":177,"column":8}}]},"5":{"line":188,"type":"if","locations":[{"start":{"line":188,"column":8},"end":{"line":188,"column":8}},{"start":{"line":188,"column":8},"end":{"line":188,"column":8}}]},"6":{"line":196,"type":"if","locations":[{"start":{"line":196,"column":8},"end":{"line":196,"column":8}},{"start":{"line":196,"column":8},"end":{"line":196,"column":8}}]},"7":{"line":218,"type":"if","locations":[{"start":{"line":218,"column":8},"end":{"line":218,"column":8}},{"start":{"line":218,"column":8},"end":{"line":218,"column":8}}]},"8":{"line":256,"type":"if","locations":[{"start":{"line":256,"column":8},"end":{"line":256,"column":8}},{"start":{"line":256,"column":8},"end":{"line":256,"column":8}}]},"9":{"line":270,"type":"if","locations":[{"start":{"line":270,"column":8},"end":{"line":270,"column":8}},{"start":{"line":270,"column":8},"end":{"line":270,"column":8}}]},"10":{"line":297,"type":"if","locations":[{"start":{"line":297,"column":8},"end":{"line":297,"column":8}},{"start":{"line":297,"column":8},"end":{"line":297,"column":8}}]},"11":{"line":298,"type":"if","locations":[{"start":{"line":298,"column":8},"end":{"line":298,"column":8}},{"start":{"line":298,"column":8},"end":{"line":298,"column":8}}]},"12":{"line":303,"type":"if","locations":[{"start":{"line":303,"column":12},"end":{"line":303,"column":12}},{"start":{"line":303,"column":12},"end":{"line":303,"column":12}}]},"13":{"line":304,"type":"if","locations":[{"start":{"line":304,"column":16},"end":{"line":304,"column":16}},{"start":{"line":304,"column":16},"end":{"line":304,"column":16}}]},"14":{"line":306,"type":"if","locations":[{"start":{"line":306,"column":16},"end":{"line":306,"column":16}},{"start":{"line":306,"column":16},"end":{"line":306,"column":16}}]},"15":{"line":310,"type":"if","locations":[{"start":{"line":310,"column":8},"end":{"line":310,"column":8}},{"start":{"line":310,"column":8},"end":{"line":310,"column":8}}]},"16":{"line":313,"type":"if","locations":[{"start":{"line":313,"column":12},"end":{"line":313,"column":12}},{"start":{"line":313,"column":12},"end":{"line":313,"column":12}}]},"17":{"line":315,"type":"if","locations":[{"start":{"line":315,"column":16},"end":{"line":315,"column":16}},{"start":{"line":315,"column":16},"end":{"line":315,"column":16}}]},"18":{"line":320,"type":"if","locations":[{"start":{"line":320,"column":12},"end":{"line":320,"column":12}},{"start":{"line":320,"column":12},"end":{"line":320,"column":12}}]},"19":{"line":322,"type":"if","locations":[{"start":{"line":322,"column":16},"end":{"line":322,"column":16}},{"start":{"line":322,"column":16},"end":{"line":322,"column":16}}]},"20":{"line":342,"type":"if","locations":[{"start":{"line":342,"column":8},"end":{"line":342,"column":8}},{"start":{"line":342,"column":8},"end":{"line":342,"column":8}}]},"21":{"line":344,"type":"if","locations":[{"start":{"line":344,"column":15},"end":{"line":344,"column":15}},{"start":{"line":344,"column":15},"end":{"line":344,"column":15}}]},"22":{"line":350,"type":"if","locations":[{"start":{"line":350,"column":8},"end":{"line":350,"column":8}},{"start":{"line":350,"column":8},"end":{"line":350,"column":8}}]},"23":{"line":406,"type":"if","locations":[{"start":{"line":406,"column":8},"end":{"line":406,"column":8}},{"start":{"line":406,"column":8},"end":{"line":406,"column":8}}]},"24":{"line":410,"type":"if","locations":[{"start":{"line":410,"column":12},"end":{"line":410,"column":12}},{"start":{"line":410,"column":12},"end":{"line":410,"column":12}}]},"25":{"line":412,"type":"if","locations":[{"start":{"line":412,"column":16},"end":{"line":412,"column":16}},{"start":{"line":412,"column":16},"end":{"line":412,"column":16}}]},"26":{"line":413,"type":"if","locations":[{"start":{"line":413,"column":20},"end":{"line":413,"column":20}},{"start":{"line":413,"column":20},"end":{"line":413,"column":20}}]},"27":{"line":415,"type":"if","locations":[{"start":{"line":415,"column":20},"end":{"line":415,"column":20}},{"start":{"line":415,"column":20},"end":{"line":415,"column":20}}]},"28":{"line":443,"type":"if","locations":[{"start":{"line":443,"column":12},"end":{"line":443,"column":12}},{"start":{"line":443,"column":12},"end":{"line":443,"column":12}}]},"29":{"line":465,"type":"if","locations":[{"start":{"line":465,"column":8},"end":{"line":465,"column":8}},{"start":{"line":465,"column":8},"end":{"line":465,"column":8}}]},"30":{"line":466,"type":"if","locations":[{"start":{"line":466,"column":12},"end":{"line":466,"column":12}},{"start":{"line":466,"column":12},"end":{"line":466,"column":12}}]},"31":{"line":473,"type":"if","locations":[{"start":{"line":473,"column":8},"end":{"line":473,"column":8}},{"start":{"line":473,"column":8},"end":{"line":473,"column":8}}]},"32":{"line":476,"type":"if","locations":[{"start":{"line":476,"column":12},"end":{"line":476,"column":12}},{"start":{"line":476,"column":12},"end":{"line":476,"column":12}}]},"33":{"line":481,"type":"if","locations":[{"start":{"line":481,"column":12},"end":{"line":481,"column":12}},{"start":{"line":481,"column":12},"end":{"line":481,"column":12}}]},"34":{"line":482,"type":"if","locations":[{"start":{"line":482,"column":16},"end":{"line":482,"column":16}},{"start":{"line":482,"column":16},"end":{"line":482,"column":16}}]}}},"contracts/test/TestERC20.sol":{"l":{"7":6,"8":6,"12":58,"13":58},"path":"/Users/rince/work/misc/unilimit/limitranger-contract/contracts/test/TestERC20.sol","s":{"1":6,"2":6,"3":58,"4":58},"b":{},"f":{"1":6,"2":58},"fnMap":{"1":{"name":"constructor","line":6,"loc":{"start":{"line":6,"column":4},"end":{"line":9,"column":4}}},"2":{"name":"mint","line":11,"loc":{"start":{"line":11,"column":4},"end":{"line":14,"column":4}}}},"statementMap":{"1":{"start":{"line":7,"column":8},"end":{"line":7,"column":31}},"2":{"start":{"line":8,"column":8},"end":{"line":8,"column":54}},"3":{"start":{"line":12,"column":8},"end":{"line":12,"column":24}},"4":{"start":{"line":13,"column":8},"end":{"line":13,"column":19}}},"branchMap":{}},"contracts/test/TestERC721.sol":{"l":{"11":0,"12":0},"path":"/Users/rince/work/misc/unilimit/limitranger-contract/contracts/test/TestERC721.sol","s":{"1":0,"2":0},"b":{},"f":{"1":6,"2":0},"fnMap":{"1":{"name":"constructor","line":6,"loc":{"start":{"line":6,"column":4},"end":{"line":8,"column":4}}},"2":{"name":"mint","line":10,"loc":{"start":{"line":10,"column":4},"end":{"line":13,"column":4}}}},"statementMap":{"1":{"start":{"line":11,"column":8},"end":{"line":11,"column":29}},"2":{"start":{"line":12,"column":8},"end":{"line":12,"column":19}}},"branchMap":{}},"contracts/test/TestWETH9.sol":{"l":{"17":0,"20":1,"21":1,"24":1,"25":1,"26":1,"27":1,"31":0,"35":0,"36":0,"37":0,"41":0,"48":1,"50":1,"51":0,"52":0,"55":1,"56":1,"58":1,"60":1},"path":"/Users/rince/work/misc/unilimit/limitranger-contract/contracts/test/TestWETH9.sol","s":{"1":0,"2":1,"3":1,"4":1,"5":1,"6":1,"7":1,"8":0,"9":0,"10":0,"11":0,"12":0,"13":1,"14":1,"15":0,"16":0,"17":1,"18":1,"19":1,"20":1},"b":{"1":[1,0],"2":[1,0],"3":[0,1],"4":[0,0]},"f":{"1":0,"2":1,"3":1,"4":0,"5":0,"6":0,"7":1},"fnMap":{"1":{"name":"","line":16,"loc":{"start":{"line":16,"column":4},"end":{"line":18,"column":4}}},"2":{"name":"deposit","line":19,"loc":{"start":{"line":19,"column":4},"end":{"line":22,"column":4}}},"3":{"name":"withdraw","line":23,"loc":{"start":{"line":23,"column":4},"end":{"line":28,"column":4}}},"4":{"name":"totalSupply","line":30,"loc":{"start":{"line":30,"column":4},"end":{"line":32,"column":4}}},"5":{"name":"approve","line":34,"loc":{"start":{"line":34,"column":4},"end":{"line":38,"column":4}}},"6":{"name":"transfer","line":40,"loc":{"start":{"line":40,"column":4},"end":{"line":42,"column":4}}},"7":{"name":"transferFrom","line":44,"loc":{"start":{"line":44,"column":4},"end":{"line":61,"column":4}}}},"statementMap":{"1":{"start":{"line":17,"column":8},"end":{"line":17,"column":16}},"2":{"start":{"line":20,"column":8},"end":{"line":20,"column":41}},"3":{"start":{"line":21,"column":8},"end":{"line":21,"column":37}},"4":{"start":{"line":24,"column":8},"end":{"line":24,"column":44}},"5":{"start":{"line":25,"column":8},"end":{"line":25,"column":35}},"6":{"start":{"line":26,"column":8},"end":{"line":26,"column":31}},"7":{"start":{"line":27,"column":8},"end":{"line":27,"column":34}},"8":{"start":{"line":31,"column":8},"end":{"line":31,"column":27}},"9":{"start":{"line":35,"column":8},"end":{"line":35,"column":39}},"10":{"start":{"line":36,"column":8},"end":{"line":36,"column":37}},"11":{"start":{"line":37,"column":8},"end":{"line":37,"column":19}},"12":{"start":{"line":41,"column":8},"end":{"line":41,"column":49}},"13":{"start":{"line":48,"column":8},"end":{"line":48,"column":37}},"14":{"start":{"line":50,"column":8},"end":{"line":50,"column":1511}},"15":{"start":{"line":51,"column":12},"end":{"line":51,"column":53}},"16":{"start":{"line":52,"column":12},"end":{"line":52,"column":44}},"17":{"start":{"line":55,"column":8},"end":{"line":55,"column":28}},"18":{"start":{"line":56,"column":8},"end":{"line":56,"column":28}},"19":{"start":{"line":58,"column":8},"end":{"line":58,"column":30}},"20":{"start":{"line":60,"column":8},"end":{"line":60,"column":19}}},"branchMap":{"1":{"line":24,"type":"if","locations":[{"start":{"line":24,"column":8},"end":{"line":24,"column":8}},{"start":{"line":24,"column":8},"end":{"line":24,"column":8}}]},"2":{"line":48,"type":"if","locations":[{"start":{"line":48,"column":8},"end":{"line":48,"column":8}},{"start":{"line":48,"column":8},"end":{"line":48,"column":8}}]},"3":{"line":50,"type":"if","locations":[{"start":{"line":50,"column":8},"end":{"line":50,"column":8}},{"start":{"line":50,"column":8},"end":{"line":50,"column":8}}]},"4":{"line":51,"type":"if","locations":[{"start":{"line":51,"column":12},"end":{"line":51,"column":12}},{"start":{"line":51,"column":12},"end":{"line":51,"column":12}}]}}}}