{
"contracts/interfaces/uniswap/INonfungiblePositionManager.sol":{"l":{},"path":"/Users/rince/work/misc/unilimit/limitranger-contract/contracts/interfaces/uniswap/INonfungiblePositionManager.sol","s":{},"b":{},"f":{},"fnMap":{},"statementMap":{},"branchMap":{}},
"contracts/interfaces/uniswap/IUniswapV3Factory.sol":{"l":{},"path":"/Users/rince/work/misc/unilimit/limitranger-contract/contracts/interfaces/uniswap/IUniswapV3Factory.sol","s":{},"b":{},"f":{},"fnMap":{},"statementMap":{},"branchMap":{}},
"contracts/interfaces/uniswap/IUniswapV3Pool.sol":{"l":{},"path":"/Users/rince/work/misc/unilimit/limitranger-contract/contracts/interfaces/uniswap/IUniswapV3Pool.sol","s":{},"b":{},"f":{},"fnMap":{},"statementMap":{},"branchMap":{}},
"contracts/interfaces/uniswap/IWETH9.sol":{"l":{},"path":"/Users/rince/work/misc/unilimit/limitranger-contract/contracts/interfaces/uniswap/IWETH9.sol","s":{},"b":{},"f":{},"fnMap":{},"statementMap":{},"branchMap":{}},
"contracts/LimitRanger.sol":{"l":{"138":6,"139":6,"140":6,"141":6,"142":6,"143":6,"144":6,"145":6,"146":6,"154":34,"155":33,"160":5,"161":3,"166":26,"167":18,"172":35,"173":34,"183":4,"184":3,"185":3,"191":4,"192":3,"193":3,"199":1,"200":1,"206":3,"207":3,"213":4,"214":3,"215":3,"227":1,"234":5,"241":1,"250":2,"251":2,"252":2,"254":2,"263":9,"264":9,"265":6,"266":6,"268":6,"276":1,"277":1,"292":33,"293":32,"294":31,"296":29,"298":29,"299":5,"300":1,"302":3,"304":1,"306":4,"309":27,"310":27,"312":27,"313":27,"314":20,"316":7,"320":25,"322":19,"323":18,"324":18,"327":6,"328":4,"329":4,"332":25,"347":25,"348":25,"350":25,"351":19,"353":6,"355":25,"356":25,"368":9,"371":9,"372":9,"373":9,"374":9,"375":9,"376":9,"377":9,"379":9,"389":25,"390":25,"391":25,"392":25,"403":11,"404":11,"406":11,"407":10,"408":10,"410":10,"411":8,"412":8,"413":5,"415":3,"419":8,"426":8,"428":8,"430":8,"437":8,"440":8,"441":8,"443":8,"445":6,"446":6,"450":8,"451":8,"452":8,"454":8,"465":16,"466":15,"467":2,"468":2,"470":13,"473":16,"475":12,"476":12,"477":1,"479":11,"481":12,"482":4,"483":1,"485":3,"494":1,"499":1,"500":1},"path":"/Users/rince/work/misc/unilimit/limitranger-contract/contracts/LimitRanger.sol","s":{"1":6,"2":6,"3":6,"4":6,"5":6,"6":6,"7":6,"8":6,"9":6,"10":34,"11":5,"12":26,"13":35,"14":4,"15":3,"16":3,"17":4,"18":3,"19":3,"20":1,"21":1,"22":3,"23":3,"24":4,"25":3,"26":3,"27":1,"28":5,"29":1,"30":2,"31":2,"32":2,"33":2,"34":9,"35":9,"36":6,"37":6,"38":6,"39":1,"40":1,"41":33,"42":32,"43":31,"44":29,"45":29,"46":5,"47":1,"48":4,"49":3,"50":1,"51":4,"52":27,"53":27,"54":27,"55":20,"56":7,"57":25,"58":19,"59":18,"60":18,"61":6,"62":4,"63":4,"64":25,"65":25,"66":25,"67":25,"68":19,"69":6,"70":25,"71":25,"72":9,"73":9,"74":9,"75":9,"76":9,"77":9,"78":9,"79":9,"80":25,"81":25,"82":25,"83":25,"84":11,"85":11,"86":11,"87":10,"88":10,"89":8,"90":8,"91":5,"92":3,"93":8,"94":8,"95":8,"96":8,"97":8,"98":8,"99":8,"100":6,"101":6,"102":8,"103":8,"104":8,"105":8,"106":16,"107":15,"108":2,"109":2,"110":13,"111":16,"112":12,"113":12,"114":1,"115":11,"116":12,"117":4,"118":1,"119":3,"120":1,"121":1,"122":1},"b":{"1":[33,1],"2":[3,2],"3":[18,8],"4":[34,1],"5":[3,1],"6":[3,1],"7":[3,1],"8":[2,0],"9":[6,0],"10":[32,1],"11":[31,1],"12":[29,2],"13":[5,24],"14":[1,4],"15":[3,1],"16":[3,1],"17":[20,7],"18":[19,1],"19":[6,1],"20":[19,6],"21":[18,1],"22":[4,2],"23":[19,6],"24":[10,1],"25":[8,2],"26":[5,3],"27":[4,1],"28":[2,1],"29":[6,2],"30":[15,1],"31":[2,13],"32":[12,4],"33":[1,11],"34":[4,8],"35":[1,3]},"f":{"1":6,"2":34,"3":5,"4":26,"5":35,"6":4,"7":4,"8":1,"9":3,"10":4,"11":1,"12":5,"13":1,"14":2,"15":9,"16":1,"17":33,"18":9,"19":25,"20":11,"21":16,"22":1,"23":1},"fnMap":{"1":{"name":"constructor","line":133,"loc":{"start":{"line":133,"column":4},"end":{"line":147,"column":4}}},"2":{"name":"checkDeadline","line":153,"loc":{"start":{"line":153,"column":4},"end":{"line":156,"column":4}}},"3":{"name":"onlyOwner","line":159,"loc":{"start":{"line":159,"column":4},"end":{"line":162,"column":4}}},"4":{"name":"onlyOperator","line":165,"loc":{"start":{"line":165,"column":4},"end":{"line":168,"column":4}}},"5":{"name":"onlyDepositsActive","line":171,"loc":{"start":{"line":171,"column":4},"end":{"line":174,"column":4}}},"6":{"name":"setProtocolFeeReceiver","line":182,"loc":{"start":{"line":182,"column":4},"end":{"line":186,"column":4}}},"7":{"name":"setProtocolOperator","line":190,"loc":{"start":{"line":190,"column":4},"end":{"line":194,"column":4}}},"8":{"name":"setMinimumFee","line":198,"loc":{"start":{"line":198,"column":4},"end":{"line":201,"column":4}}},"9":{"name":"setDepositsActive","line":205,"loc":{"start":{"line":205,"column":4},"end":{"line":208,"column":4}}},"10":{"name":"setStopPositionReward","line":212,"loc":{"start":{"line":212,"column":4},"end":{"line":216,"column":4}}},"11":{"name":"getOwner","line":226,"loc":{"start":{"line":226,"column":4},"end":{"line":228,"column":4}}},"12":{"name":"getOwnedPositions","line":233,"loc":{"start":{"line":233,"column":4},"end":{"line":235,"column":4}}},"13":{"name":"getPositionInfo","line":240,"loc":{"start":{"line":240,"column":4},"end":{"line":242,"column":4}}},"14":{"name":"cancelPosition","line":249,"loc":{"start":{"line":249,"column":4},"end":{"line":255,"column":4}}},"15":{"name":"stopPosition","line":262,"loc":{"start":{"line":262,"column":4},"end":{"line":269,"column":4}}},"16":{"name":"retrieveNFT","line":275,"loc":{"start":{"line":275,"column":4},"end":{"line":278,"column":4}}},"17":{"name":"mintNewPosition","line":287,"loc":{"start":{"line":283,"column":4},"end":{"line":357,"column":4}}},"18":{"name":"_removePosition","line":366,"loc":{"start":{"line":366,"column":4},"end":{"line":380,"column":4}}},"19":{"name":"_storePositionInfo","line":388,"loc":{"start":{"line":388,"column":4},"end":{"line":393,"column":4}}},"20":{"name":"_payOutPosition","line":401,"loc":{"start":{"line":401,"column":4},"end":{"line":455,"column":4}}},"21":{"name":"_payOutToken","line":464,"loc":{"start":{"line":464,"column":4},"end":{"line":489,"column":4}}},"22":{"name":"retrieveEth","line":493,"loc":{"start":{"line":493,"column":4},"end":{"line":495,"column":4}}},"23":{"name":"retrieveERC20","line":498,"loc":{"start":{"line":498,"column":4},"end":{"line":501,"column":4}}}},"statementMap":{"1":{"start":{"line":138,"column":8},"end":{"line":138,"column":63}},"2":{"start":{"line":139,"column":8},"end":{"line":139,"column":43}},"3":{"start":{"line":140,"column":8},"end":{"line":140,"column":43}},"4":{"start":{"line":141,"column":8},"end":{"line":141,"column":21}},"5":{"start":{"line":142,"column":8},"end":{"line":142,"column":36}},"6":{"start":{"line":143,"column":8},"end":{"line":143,"column":48}},"7":{"start":{"line":144,"column":8},"end":{"line":144,"column":24}},"8":{"start":{"line":145,"column":8},"end":{"line":145,"column":36}},"9":{"start":{"line":146,"column":8},"end":{"line":146,"column":28}},"10":{"start":{"line":154,"column":8},"end":{"line":154,"column":66}},"11":{"start":{"line":160,"column":8},"end":{"line":160,"column":106}},"12":{"start":{"line":166,"column":8},"end":{"line":166,"column":96}},"13":{"start":{"line":172,"column":8},"end":{"line":172,"column":65}},"14":{"start":{"line":183,"column":8},"end":{"line":183,"column":65}},"15":{"start":{"line":184,"column":8},"end":{"line":184,"column":46}},"16":{"start":{"line":185,"column":8},"end":{"line":185,"column":37}},"17":{"start":{"line":191,"column":8},"end":{"line":191,"column":68}},"18":{"start":{"line":192,"column":8},"end":{"line":192,"column":37}},"19":{"start":{"line":193,"column":8},"end":{"line":193,"column":37}},"20":{"start":{"line":199,"column":8},"end":{"line":199,"column":26}},"21":{"start":{"line":200,"column":8},"end":{"line":200,"column":31}},"22":{"start":{"line":206,"column":8},"end":{"line":206,"column":30}},"23":{"start":{"line":207,"column":8},"end":{"line":207,"column":38}},"24":{"start":{"line":213,"column":8},"end":{"line":213,"column":56}},"25":{"start":{"line":214,"column":8},"end":{"line":214,"column":41}},"26":{"start":{"line":215,"column":8},"end":{"line":215,"column":42}},"27":{"start":{"line":227,"column":8},"end":{"line":227,"column":44}},"28":{"start":{"line":234,"column":8},"end":{"line":234,"column":33}},"29":{"start":{"line":241,"column":8},"end":{"line":241,"column":37}},"30":{"start":{"line":250,"column":8},"end":{"line":250,"column":53}},"31":{"start":{"line":251,"column":8},"end":{"line":251,"column":11088}},"32":{"start":{"line":252,"column":12},"end":{"line":252,"column":52}},"33":{"start":{"line":254,"column":8},"end":{"line":254,"column":21}},"34":{"start":{"line":263,"column":8},"end":{"line":263,"column":52}},"35":{"start":{"line":264,"column":8},"end":{"line":264,"column":52}},"36":{"start":{"line":265,"column":8},"end":{"line":265,"column":11844}},"37":{"start":{"line":266,"column":12},"end":{"line":266,"column":46}},"38":{"start":{"line":268,"column":8},"end":{"line":268,"column":21}},"39":{"start":{"line":276,"column":8},"end":{"line":276,"column":43}},"40":{"start":{"line":277,"column":8},"end":{"line":277,"column":48}},"41":{"start":{"line":292,"column":8},"end":{"line":292,"column":114}},"42":{"start":{"line":293,"column":8},"end":{"line":293,"column":90}},"43":{"start":{"line":294,"column":8},"end":{"line":294,"column":104}},"44":{"start":{"line":296,"column":8},"end":{"line":296,"column":29}},"45":{"start":{"line":298,"column":8},"end":{"line":298,"column":13233}},"46":{"start":{"line":299,"column":12},"end":{"line":299,"column":13269}},"47":{"start":{"line":300,"column":16},"end":{"line":300,"column":46}},"48":{"start":{"line":301,"column":19},"end":{"line":301,"column":13387}},"49":{"start":{"line":302,"column":16},"end":{"line":302,"column":46}},"50":{"start":{"line":304,"column":16},"end":{"line":304,"column":44}},"51":{"start":{"line":306,"column":12},"end":{"line":306,"column":67}},"52":{"start":{"line":310,"column":12},"end":{"line":310,"column":120}},"53":{"start":{"line":312,"column":12},"end":{"line":312,"column":45}},"54":{"start":{"line":313,"column":12},"end":{"line":313,"column":13903}},"55":{"start":{"line":314,"column":16},"end":{"line":314,"column":106}},"56":{"start":{"line":316,"column":16},"end":{"line":316,"column":106}},"57":{"start":{"line":320,"column":8},"end":{"line":320,"column":14240}},"58":{"start":{"line":322,"column":12},"end":{"line":322,"column":14325}},"59":{"start":{"line":323,"column":16},"end":{"line":323,"column":116}},"60":{"start":{"line":324,"column":16},"end":{"line":324,"column":121}},"61":{"start":{"line":327,"column":12},"end":{"line":327,"column":14679}},"62":{"start":{"line":328,"column":16},"end":{"line":328,"column":116}},"63":{"start":{"line":329,"column":16},"end":{"line":329,"column":121}},"64":{"start":{"line":332,"column":8},"end":{"line":332,"column":15012}},"65":{"start":{"line":347,"column":8},"end":{"line":347,"column":29}},"66":{"start":{"line":348,"column":8},"end":{"line":348,"column":91}},"67":{"start":{"line":350,"column":8},"end":{"line":350,"column":15725}},"68":{"start":{"line":351,"column":12},"end":{"line":351,"column":117}},"69":{"start":{"line":353,"column":12},"end":{"line":353,"column":118}},"70":{"start":{"line":355,"column":8},"end":{"line":355,"column":81}},"71":{"start":{"line":356,"column":8},"end":{"line":356,"column":22}},"72":{"start":{"line":371,"column":8},"end":{"line":371,"column":54}},"73":{"start":{"line":372,"column":8},"end":{"line":372,"column":67}},"74":{"start":{"line":373,"column":8},"end":{"line":373,"column":65}},"75":{"start":{"line":374,"column":8},"end":{"line":374,"column":52}},"76":{"start":{"line":375,"column":8},"end":{"line":375,"column":34}},"77":{"start":{"line":376,"column":8},"end":{"line":376,"column":36}},"78":{"start":{"line":377,"column":8},"end":{"line":377,"column":47}},"79":{"start":{"line":379,"column":8},"end":{"line":379,"column":84}},"80":{"start":{"line":389,"column":8},"end":{"line":389,"column":160}},"81":{"start":{"line":390,"column":8},"end":{"line":390,"column":50}},"82":{"start":{"line":391,"column":8},"end":{"line":391,"column":39}},"83":{"start":{"line":392,"column":8},"end":{"line":392,"column":41}},"84":{"start":{"line":403,"column":8},"end":{"line":403,"column":128}},"85":{"start":{"line":404,"column":8},"end":{"line":404,"column":61}},"86":{"start":{"line":406,"column":8},"end":{"line":406,"column":66}},"87":{"start":{"line":408,"column":12},"end":{"line":408,"column":95}},"88":{"start":{"line":410,"column":12},"end":{"line":410,"column":19694}},"89":{"start":{"line":411,"column":16},"end":{"line":411,"column":49}},"90":{"start":{"line":412,"column":16},"end":{"line":412,"column":19789}},"91":{"start":{"line":413,"column":20},"end":{"line":413,"column":120}},"92":{"start":{"line":415,"column":20},"end":{"line":415,"column":120}},"93":{"start":{"line":419,"column":12},"end":{"line":419,"column":20182}},"94":{"start":{"line":426,"column":12},"end":{"line":426,"column":63}},"95":{"start":{"line":430,"column":12},"end":{"line":430,"column":20684}},"96":{"start":{"line":437,"column":12},"end":{"line":437,"column":110}},"97":{"start":{"line":440,"column":12},"end":{"line":440,"column":28}},"98":{"start":{"line":441,"column":12},"end":{"line":441,"column":28}},"99":{"start":{"line":443,"column":12},"end":{"line":443,"column":21241}},"100":{"start":{"line":445,"column":16},"end":{"line":445,"column":62}},"101":{"start":{"line":446,"column":16},"end":{"line":446,"column":62}},"102":{"start":{"line":450,"column":12},"end":{"line":450,"column":96}},"103":{"start":{"line":451,"column":12},"end":{"line":451,"column":96}},"104":{"start":{"line":452,"column":12},"end":{"line":452,"column":51}},"105":{"start":{"line":454,"column":8},"end":{"line":454,"column":19}},"106":{"start":{"line":465,"column":8},"end":{"line":465,"column":22504}},"107":{"start":{"line":466,"column":12},"end":{"line":466,"column":22546}},"108":{"start":{"line":467,"column":16},"end":{"line":467,"column":46}},"109":{"start":{"line":468,"column":16},"end":{"line":468,"column":85}},"110":{"start":{"line":470,"column":16},"end":{"line":470,"column":89}},"111":{"start":{"line":473,"column":8},"end":{"line":473,"column":22873}},"112":{"start":{"line":475,"column":12},"end":{"line":475,"column":66}},"113":{"start":{"line":476,"column":12},"end":{"line":476,"column":23035}},"114":{"start":{"line":477,"column":16},"end":{"line":477,"column":87}},"115":{"start":{"line":479,"column":16},"end":{"line":479,"column":91}},"116":{"start":{"line":481,"column":12},"end":{"line":481,"column":23315}},"117":{"start":{"line":482,"column":16},"end":{"line":482,"column":23352}},"118":{"start":{"line":483,"column":20},"end":{"line":483,"column":76}},"119":{"start":{"line":485,"column":20},"end":{"line":485,"column":80}},"120":{"start":{"line":494,"column":8},"end":{"line":494,"column":62}},"121":{"start":{"line":499,"column":8},"end":{"line":499,"column":36}},"122":{"start":{"line":500,"column":8},"end":{"line":500,"column":101}}},"branchMap":{"1":{"line":154,"type":"if","locations":[{"start":{"line":154,"column":8},"end":{"line":154,"column":8}},{"start":{"line":154,"column":8},"end":{"line":154,"column":8}}]},"2":{"line":160,"type":"if","locations":[{"start":{"line":160,"column":8},"end":{"line":160,"column":8}},{"start":{"line":160,"column":8},"end":{"line":160,"column":8}}]},"3":{"line":166,"type":"if","locations":[{"start":{"line":166,"column":8},"end":{"line":166,"column":8}},{"start":{"line":166,"column":8},"end":{"line":166,"column":8}}]},"4":{"line":172,"type":"if","locations":[{"start":{"line":172,"column":8},"end":{"line":172,"column":8}},{"start":{"line":172,"column":8},"end":{"line":172,"column":8}}]},"5":{"line":183,"type":"if","locations":[{"start":{"line":183,"column":8},"end":{"line":183,"column":8}},{"start":{"line":183,"column":8},"end":{"line":183,"column":8}}]},"6":{"line":191,"type":"if","locations":[{"start":{"line":191,"column":8},"end":{"line":191,"column":8}},{"start":{"line":191,"column":8},"end":{"line":191,"column":8}}]},"7":{"line":213,"type":"if","locations":[{"start":{"line":213,"column":8},"end":{"line":213,"column":8}},{"start":{"line":213,"column":8},"end":{"line":213,"column":8}}]},"8":{"line":251,"type":"if","locations":[{"start":{"line":251,"column":8},"end":{"line":251,"column":8}},{"start":{"line":251,"column":8},"end":{"line":251,"column":8}}]},"9":{"line":265,"type":"if","locations":[{"start":{"line":265,"column":8},"end":{"line":265,"column":8}},{"start":{"line":265,"column":8},"end":{"line":265,"column":8}}]},"10":{"line":292,"type":"if","locations":[{"start":{"line":292,"column":8},"end":{"line":292,"column":8}},{"start":{"line":292,"column":8},"end":{"line":292,"column":8}}]},"11":{"line":293,"type":"if","locations":[{"start":{"line":293,"column":8},"end":{"line":293,"column":8}},{"start":{"line":293,"column":8},"end":{"line":293,"column":8}}]},"12":{"line":294,"type":"if","locations":[{"start":{"line":294,"column":8},"end":{"line":294,"column":8}},{"start":{"line":294,"column":8},"end":{"line":294,"column":8}}]},"13":{"line":298,"type":"if","locations":[{"start":{"line":298,"column":8},"end":{"line":298,"column":8}},{"start":{"line":298,"column":8},"end":{"line":298,"column":8}}]},"14":{"line":299,"type":"if","locations":[{"start":{"line":299,"column":12},"end":{"line":299,"column":12}},{"start":{"line":299,"column":12},"end":{"line":299,"column":12}}]},"15":{"line":301,"type":"if","locations":[{"start":{"line":301,"column":19},"end":{"line":301,"column":19}},{"start":{"line":301,"column":19},"end":{"line":301,"column":19}}]},"16":{"line":306,"type":"if","locations":[{"start":{"line":306,"column":12},"end":{"line":306,"column":12}},{"start":{"line":306,"column":12},"end":{"line":306,"column":12}}]},"17":{"line":313,"type":"if","locations":[{"start":{"line":313,"column":12},"end":{"line":313,"column":12}},{"start":{"line":313,"column":12},"end":{"line":313,"column":12}}]},"18":{"line":314,"type":"if","locations":[{"start":{"line":314,"column":16},"end":{"line":314,"column":16}},{"start":{"line":314,"column":16},"end":{"line":314,"column":16}}]},"19":{"line":316,"type":"if","locations":[{"start":{"line":316,"column":16},"end":{"line":316,"column":16}},{"start":{"line":316,"column":16},"end":{"line":316,"column":16}}]},"20":{"line":320,"type":"if","locations":[{"start":{"line":320,"column":8},"end":{"line":320,"column":8}},{"start":{"line":320,"column":8},"end":{"line":320,"column":8}}]},"21":{"line":322,"type":"if","locations":[{"start":{"line":322,"column":12},"end":{"line":322,"column":12}},{"start":{"line":322,"column":12},"end":{"line":322,"column":12}}]},"22":{"line":327,"type":"if","locations":[{"start":{"line":327,"column":12},"end":{"line":327,"column":12}},{"start":{"line":327,"column":12},"end":{"line":327,"column":12}}]},"23":{"line":350,"type":"if","locations":[{"start":{"line":350,"column":8},"end":{"line":350,"column":8}},{"start":{"line":350,"column":8},"end":{"line":350,"column":8}}]},"24":{"line":406,"type":"if","locations":[{"start":{"line":406,"column":8},"end":{"line":406,"column":8}},{"start":{"line":406,"column":8},"end":{"line":406,"column":8}}]},"25":{"line":410,"type":"if","locations":[{"start":{"line":410,"column":12},"end":{"line":410,"column":12}},{"start":{"line":410,"column":12},"end":{"line":410,"column":12}}]},"26":{"line":412,"type":"if","locations":[{"start":{"line":412,"column":16},"end":{"line":412,"column":16}},{"start":{"line":412,"column":16},"end":{"line":412,"column":16}}]},"27":{"line":413,"type":"if","locations":[{"start":{"line":413,"column":20},"end":{"line":413,"column":20}},{"start":{"line":413,"column":20},"end":{"line":413,"column":20}}]},"28":{"line":415,"type":"if","locations":[{"start":{"line":415,"column":20},"end":{"line":415,"column":20}},{"start":{"line":415,"column":20},"end":{"line":415,"column":20}}]},"29":{"line":443,"type":"if","locations":[{"start":{"line":443,"column":12},"end":{"line":443,"column":12}},{"start":{"line":443,"column":12},"end":{"line":443,"column":12}}]},"30":{"line":465,"type":"if","locations":[{"start":{"line":465,"column":8},"end":{"line":465,"column":8}},{"start":{"line":465,"column":8},"end":{"line":465,"column":8}}]},"31":{"line":466,"type":"if","locations":[{"start":{"line":466,"column":12},"end":{"line":466,"column":12}},{"start":{"line":466,"column":12},"end":{"line":466,"column":12}}]},"32":{"line":473,"type":"if","locations":[{"start":{"line":473,"column":8},"end":{"line":473,"column":8}},{"start":{"line":473,"column":8},"end":{"line":473,"column":8}}]},"33":{"line":476,"type":"if","locations":[{"start":{"line":476,"column":12},"end":{"line":476,"column":12}},{"start":{"line":476,"column":12},"end":{"line":476,"column":12}}]},"34":{"line":481,"type":"if","locations":[{"start":{"line":481,"column":12},"end":{"line":481,"column":12}},{"start":{"line":481,"column":12},"end":{"line":481,"column":12}}]},"35":{"line":482,"type":"if","locations":[{"start":{"line":482,"column":16},"end":{"line":482,"column":16}},{"start":{"line":482,"column":16},"end":{"line":482,"column":16}}]}}},
"contracts/test/TestERC20.sol":{"l":{"10":6,"11":6,"15":68,"16":68,"19":0},"path":"/Users/rince/work/misc/unilimit/limitranger-contract/contracts/test/TestERC20.sol","s":{"1":6,"2":6,"3":68,"4":68,"5":0},"b":{},"f":{"1":6,"2":68,"3":0},"fnMap":{"1":{"name":"constructor","line":9,"loc":{"start":{"line":9,"column":4},"end":{"line":12,"column":4}}},"2":{"name":"mint","line":14,"loc":{"start":{"line":14,"column":4},"end":{"line":17,"column":4}}},"3":{"name":"decimals","line":18,"loc":{"start":{"line":18,"column":4},"end":{"line":20,"column":1}}}},"statementMap":{"1":{"start":{"line":10,"column":8},"end":{"line":10,"column":32}},"2":{"start":{"line":11,"column":8},"end":{"line":11,"column":54}},"3":{"start":{"line":15,"column":8},"end":{"line":15,"column":24}},"4":{"start":{"line":16,"column":8},"end":{"line":16,"column":19}},"5":{"start":{"line":19,"column":2},"end":{"line":19,"column":22}}},"branchMap":{}},
"contracts/test/TestERC721.sol":{"l":{"11":0,"12":0},"path":"/Users/rince/work/misc/unilimit/limitranger-contract/contracts/test/TestERC721.sol","s":{"1":0,"2":0},"b":{},"f":{"1":6,"2":0},"fnMap":{"1":{"name":"constructor","line":6,"loc":{"start":{"line":6,"column":4},"end":{"line":8,"column":4}}},"2":{"name":"mint","line":10,"loc":{"start":{"line":10,"column":4},"end":{"line":13,"column":4}}}},"statementMap":{"1":{"start":{"line":11,"column":8},"end":{"line":11,"column":29}},"2":{"start":{"line":12,"column":8},"end":{"line":12,"column":19}}},"branchMap":{}},
"contracts/test/TestWETH9.sol":{"l":{"17":0,"20":2,"21":2,"24":1,"25":1,"26":1,"27":1,"31":0,"35":2,"36":2,"37":2,"41":0,"48":2,"50":2,"51":1,"52":1,"55":2,"56":2,"58":2,"60":2},"path":"/Users/rince/work/misc/unilimit/limitranger-contract/contracts/test/TestWETH9.sol","s":{"1":0,"2":2,"3":2,"4":1,"5":1,"6":1,"7":1,"8":0,"9":2,"10":2,"11":2,"12":0,"13":2,"14":2,"15":1,"16":1,"17":2,"18":2,"19":2,"20":2},"b":{"1":[1,0],"2":[2,0],"3":[1,1],"4":[1,0]},"f":{"1":0,"2":2,"3":1,"4":0,"5":2,"6":0,"7":2},"fnMap":{"1":{"name":"","line":16,"loc":{"start":{"line":16,"column":4},"end":{"line":18,"column":4}}},"2":{"name":"deposit","line":19,"loc":{"start":{"line":19,"column":4},"end":{"line":22,"column":4}}},"3":{"name":"withdraw","line":23,"loc":{"start":{"line":23,"column":4},"end":{"line":28,"column":4}}},"4":{"name":"totalSupply","line":30,"loc":{"start":{"line":30,"column":4},"end":{"line":32,"column":4}}},"5":{"name":"approve","line":34,"loc":{"start":{"line":34,"column":4},"end":{"line":38,"column":4}}},"6":{"name":"transfer","line":40,"loc":{"start":{"line":40,"column":4},"end":{"line":42,"column":4}}},"7":{"name":"transferFrom","line":44,"loc":{"start":{"line":44,"column":4},"end":{"line":61,"column":4}}}},"statementMap":{"1":{"start":{"line":17,"column":8},"end":{"line":17,"column":16}},"2":{"start":{"line":20,"column":8},"end":{"line":20,"column":41}},"3":{"start":{"line":21,"column":8},"end":{"line":21,"column":37}},"4":{"start":{"line":24,"column":8},"end":{"line":24,"column":44}},"5":{"start":{"line":25,"column":8},"end":{"line":25,"column":35}},"6":{"start":{"line":26,"column":8},"end":{"line":26,"column":31}},"7":{"start":{"line":27,"column":8},"end":{"line":27,"column":34}},"8":{"start":{"line":31,"column":8},"end":{"line":31,"column":27}},"9":{"start":{"line":35,"column":8},"end":{"line":35,"column":39}},"10":{"start":{"line":36,"column":8},"end":{"line":36,"column":37}},"11":{"start":{"line":37,"column":8},"end":{"line":37,"column":19}},"12":{"start":{"line":41,"column":8},"end":{"line":41,"column":49}},"13":{"start":{"line":48,"column":8},"end":{"line":48,"column":37}},"14":{"start":{"line":50,"column":8},"end":{"line":50,"column":1511}},"15":{"start":{"line":51,"column":12},"end":{"line":51,"column":53}},"16":{"start":{"line":52,"column":12},"end":{"line":52,"column":44}},"17":{"start":{"line":55,"column":8},"end":{"line":55,"column":28}},"18":{"start":{"line":56,"column":8},"end":{"line":56,"column":28}},"19":{"start":{"line":58,"column":8},"end":{"line":58,"column":30}},"20":{"start":{"line":60,"column":8},"end":{"line":60,"column":19}}},"branchMap":{"1":{"line":24,"type":"if","locations":[{"start":{"line":24,"column":8},"end":{"line":24,"column":8}},{"start":{"line":24,"column":8},"end":{"line":24,"column":8}}]},"2":{"line":48,"type":"if","locations":[{"start":{"line":48,"column":8},"end":{"line":48,"column":8}},{"start":{"line":48,"column":8},"end":{"line":48,"column":8}}]},"3":{"line":50,"type":"if","locations":[{"start":{"line":50,"column":8},"end":{"line":50,"column":8}},{"start":{"line":50,"column":8},"end":{"line":50,"column":8}}]},"4":{"line":51,"type":"if","locations":[{"start":{"line":51,"column":12},"end":{"line":51,"column":12}},{"start":{"line":51,"column":12},"end":{"line":51,"column":12}}]}}},
"contracts/UniswapTransferHelper.sol":{"l":{"22":22,"24":22,"37":28,"40":28,"56":22,"59":22,"70":4,"71":4},"path":"/Users/rince/work/misc/unilimit/limitranger-contract/contracts/UniswapTransferHelper.sol","s":{"1":22,"2":22,"3":28,"4":28,"5":22,"6":22,"7":4,"8":4},"b":{"1":[22,0],"2":[28,0],"3":[22,0],"4":[4,0]},"f":{"1":22,"2":28,"3":22,"4":4},"fnMap":{"1":{"name":"safeTransferFrom","line":16,"loc":{"start":{"line":16,"column":4},"end":{"line":25,"column":4}}},"2":{"name":"safeTransfer","line":32,"loc":{"start":{"line":32,"column":4},"end":{"line":44,"column":4}}},"3":{"name":"safeApprove","line":51,"loc":{"start":{"line":51,"column":4},"end":{"line":63,"column":4}}},"4":{"name":"safeTransferETH","line":69,"loc":{"start":{"line":69,"column":4},"end":{"line":72,"column":4}}}},"statementMap":{"1":{"start":{"line":22,"column":8},"end":{"line":22,"column":874}},"2":{"start":{"line":24,"column":8},"end":{"line":24,"column":80}},"3":{"start":{"line":37,"column":8},"end":{"line":37,"column":1409}},"4":{"start":{"line":40,"column":8},"end":{"line":40,"column":1547}},"5":{"start":{"line":56,"column":8},"end":{"line":56,"column":2121}},"6":{"start":{"line":59,"column":8},"end":{"line":59,"column":2258}},"7":{"start":{"line":70,"column":8},"end":{"line":70,"column":62}},"8":{"start":{"line":71,"column":8},"end":{"line":71,"column":30}}},"branchMap":{"1":{"line":24,"type":"if","locations":[{"start":{"line":24,"column":8},"end":{"line":24,"column":8}},{"start":{"line":24,"column":8},"end":{"line":24,"column":8}}]},"2":{"line":40,"type":"if","locations":[{"start":{"line":40,"column":8},"end":{"line":40,"column":8}},{"start":{"line":40,"column":8},"end":{"line":40,"column":8}}]},"3":{"line":59,"type":"if","locations":[{"start":{"line":59,"column":8},"end":{"line":59,"column":8}},{"start":{"line":59,"column":8},"end":{"line":59,"column":8}}]},"4":{"line":71,"type":"if","locations":[{"start":{"line":71,"column":8},"end":{"line":71,"column":8}},{"start":{"line":71,"column":8},"end":{"line":71,"column":8}}]}}}}
