{
"contracts/LimitRanger.sol":{"l":{"133":3,"134":3,"135":3,"136":3,"137":3,"138":3,"139":3,"140":3,"148":23,"149":22,"154":4,"155":2,"160":11,"161":7,"166":24,"167":23,"177":1,"178":1,"179":1,"185":1,"186":1,"192":3,"193":3,"205":0,"212":4,"219":0,"228":1,"229":1,"230":1,"232":1,"241":7,"242":7,"243":4,"244":4,"246":4,"254":1,"255":1,"270":22,"271":21,"272":20,"273":20,"275":20,"276":20,"277":15,"279":5,"283":18,"285":14,"286":14,"287":13,"288":13,"289":13,"292":4,"293":4,"294":3,"295":3,"296":3,"299":18,"314":18,"315":18,"316":1,"318":1,"320":18,"321":18,"323":18,"324":14,"326":4,"328":18,"329":18,"341":6,"344":6,"345":6,"346":6,"347":6,"348":6,"349":6,"350":6,"352":6,"362":18,"363":18,"364":18,"365":18,"376":8,"377":8,"379":8,"380":7,"381":7,"383":7,"384":6,"385":6,"386":4,"388":2,"392":5,"399":5,"401":5,"403":5,"410":5,"413":5,"414":5,"416":5,"418":4,"419":4,"423":5,"424":5,"425":5,"427":5,"438":10,"439":10,"440":0,"441":0,"443":10,"446":10,"447":8,"448":0,"450":8,"463":0,"464":0,"469":1,"474":1,"475":1},"path":"/Users/rince/work/misc/unilimit/limitranger-contract/contracts/LimitRanger.sol","s":{"1":3,"2":3,"3":3,"4":3,"5":3,"6":3,"7":3,"8":3,"9":23,"10":4,"11":11,"12":24,"13":1,"14":1,"15":1,"16":1,"17":1,"18":3,"19":3,"20":0,"21":4,"22":0,"23":1,"24":1,"25":1,"26":1,"27":7,"28":7,"29":4,"30":4,"31":4,"32":1,"33":1,"34":22,"35":21,"36":20,"37":20,"38":20,"39":15,"40":5,"41":18,"42":14,"43":14,"44":13,"45":13,"46":13,"47":4,"48":4,"49":3,"50":3,"51":3,"52":18,"53":18,"54":18,"55":1,"56":17,"57":1,"58":18,"59":18,"60":18,"61":14,"62":4,"63":18,"64":18,"65":6,"66":6,"67":6,"68":6,"69":6,"70":6,"71":6,"72":6,"73":18,"74":18,"75":18,"76":18,"77":8,"78":8,"79":8,"80":7,"81":7,"82":6,"83":6,"84":4,"85":2,"86":5,"87":5,"88":5,"89":5,"90":5,"91":5,"92":5,"93":4,"94":4,"95":5,"96":5,"97":5,"98":5,"99":10,"100":10,"101":0,"102":0,"103":10,"104":10,"105":8,"106":0,"107":8,"108":0,"109":0,"110":1,"111":1,"112":1},"b":{"1":[22,1],"2":[2,2],"3":[7,4],"4":[23,1],"5":[1,0],"6":[1,0],"7":[4,0],"8":[21,1],"9":[20,1],"10":[15,5],"11":[14,1],"12":[4,1],"13":[14,4],"14":[13,1],"15":[13,0],"16":[3,1],"17":[3,0],"18":[1,17],"19":[1,16],"20":[14,4],"21":[7,1],"22":[6,1],"23":[4,2],"24":[3,1],"25":[1,1],"26":[4,1],"27":[10,0],"28":[0,10],"29":[8,2],"30":[0,8]},"f":{"1":3,"2":23,"3":4,"4":11,"5":24,"6":1,"7":1,"8":3,"9":0,"10":4,"11":0,"12":1,"13":7,"14":1,"15":22,"16":6,"17":18,"18":8,"19":10,"20":0,"21":1,"22":1},"fnMap":{"1":{"name":"constructor","line":128,"loc":{"start":{"line":128,"column":4},"end":{"line":141,"column":4}}},"2":{"name":"checkDeadline","line":147,"loc":{"start":{"line":147,"column":4},"end":{"line":150,"column":4}}},"3":{"name":"onlyOwner","line":153,"loc":{"start":{"line":153,"column":4},"end":{"line":156,"column":4}}},"4":{"name":"onlyOperator","line":159,"loc":{"start":{"line":159,"column":4},"end":{"line":162,"column":4}}},"5":{"name":"onlyDepositsActive","line":165,"loc":{"start":{"line":165,"column":4},"end":{"line":168,"column":4}}},"6":{"name":"setProtocolFeeReceiver","line":176,"loc":{"start":{"line":176,"column":4},"end":{"line":180,"column":4}}},"7":{"name":"setMinimumFee","line":184,"loc":{"start":{"line":184,"column":4},"end":{"line":187,"column":4}}},"8":{"name":"setDepositsActive","line":191,"loc":{"start":{"line":191,"column":4},"end":{"line":194,"column":4}}},"9":{"name":"getOwner","line":204,"loc":{"start":{"line":204,"column":4},"end":{"line":206,"column":4}}},"10":{"name":"getOwnedPositions","line":211,"loc":{"start":{"line":211,"column":4},"end":{"line":213,"column":4}}},"11":{"name":"getPositionInfo","line":218,"loc":{"start":{"line":218,"column":4},"end":{"line":220,"column":4}}},"12":{"name":"cancelPosition","line":227,"loc":{"start":{"line":227,"column":4},"end":{"line":233,"column":4}}},"13":{"name":"stopPosition","line":240,"loc":{"start":{"line":240,"column":4},"end":{"line":247,"column":4}}},"14":{"name":"retrieveNFT","line":253,"loc":{"start":{"line":253,"column":4},"end":{"line":256,"column":4}}},"15":{"name":"mintNewPosition","line":265,"loc":{"start":{"line":261,"column":4},"end":{"line":330,"column":4}}},"16":{"name":"_removePosition","line":339,"loc":{"start":{"line":339,"column":4},"end":{"line":353,"column":4}}},"17":{"name":"_storePositionInfo","line":361,"loc":{"start":{"line":361,"column":4},"end":{"line":366,"column":4}}},"18":{"name":"_payOutPosition","line":374,"loc":{"start":{"line":374,"column":4},"end":{"line":428,"column":4}}},"19":{"name":"_payOutToken","line":437,"loc":{"start":{"line":437,"column":4},"end":{"line":453,"column":4}}},"20":{"name":"onERC721Received","line":457,"loc":{"start":{"line":457,"column":4},"end":{"line":465,"column":4}}},"21":{"name":"retrieveEth","line":468,"loc":{"start":{"line":468,"column":4},"end":{"line":470,"column":4}}},"22":{"name":"retrieveERC20","line":473,"loc":{"start":{"line":473,"column":4},"end":{"line":476,"column":4}}}},"statementMap":{"1":{"start":{"line":133,"column":8},"end":{"line":133,"column":63}},"2":{"start":{"line":134,"column":8},"end":{"line":134,"column":43}},"3":{"start":{"line":135,"column":8},"end":{"line":135,"column":43}},"4":{"start":{"line":136,"column":8},"end":{"line":136,"column":21}},"5":{"start":{"line":137,"column":8},"end":{"line":137,"column":36}},"6":{"start":{"line":138,"column":8},"end":{"line":138,"column":48}},"7":{"start":{"line":139,"column":8},"end":{"line":139,"column":24}},"8":{"start":{"line":140,"column":8},"end":{"line":140,"column":28}},"9":{"start":{"line":148,"column":8},"end":{"line":148,"column":66}},"10":{"start":{"line":154,"column":8},"end":{"line":154,"column":106}},"11":{"start":{"line":160,"column":8},"end":{"line":160,"column":96}},"12":{"start":{"line":166,"column":8},"end":{"line":166,"column":65}},"13":{"start":{"line":177,"column":8},"end":{"line":177,"column":38}},"14":{"start":{"line":178,"column":8},"end":{"line":178,"column":46}},"15":{"start":{"line":179,"column":8},"end":{"line":179,"column":37}},"16":{"start":{"line":185,"column":8},"end":{"line":185,"column":26}},"17":{"start":{"line":186,"column":8},"end":{"line":186,"column":31}},"18":{"start":{"line":192,"column":8},"end":{"line":192,"column":30}},"19":{"start":{"line":193,"column":8},"end":{"line":193,"column":38}},"20":{"start":{"line":205,"column":8},"end":{"line":205,"column":44}},"21":{"start":{"line":212,"column":8},"end":{"line":212,"column":33}},"22":{"start":{"line":219,"column":8},"end":{"line":219,"column":37}},"23":{"start":{"line":228,"column":8},"end":{"line":228,"column":53}},"24":{"start":{"line":229,"column":8},"end":{"line":229,"column":10190}},"25":{"start":{"line":230,"column":12},"end":{"line":230,"column":52}},"26":{"start":{"line":232,"column":8},"end":{"line":232,"column":21}},"27":{"start":{"line":241,"column":8},"end":{"line":241,"column":52}},"28":{"start":{"line":242,"column":8},"end":{"line":242,"column":52}},"29":{"start":{"line":243,"column":8},"end":{"line":243,"column":10946}},"30":{"start":{"line":244,"column":12},"end":{"line":244,"column":46}},"31":{"start":{"line":246,"column":8},"end":{"line":246,"column":21}},"32":{"start":{"line":254,"column":8},"end":{"line":254,"column":43}},"33":{"start":{"line":255,"column":8},"end":{"line":255,"column":48}},"34":{"start":{"line":270,"column":8},"end":{"line":270,"column":114}},"35":{"start":{"line":271,"column":8},"end":{"line":271,"column":79}},"36":{"start":{"line":273,"column":12},"end":{"line":273,"column":120}},"37":{"start":{"line":275,"column":12},"end":{"line":275,"column":45}},"38":{"start":{"line":276,"column":12},"end":{"line":276,"column":12342}},"39":{"start":{"line":277,"column":16},"end":{"line":277,"column":106}},"40":{"start":{"line":279,"column":16},"end":{"line":279,"column":106}},"41":{"start":{"line":283,"column":8},"end":{"line":283,"column":12679}},"42":{"start":{"line":285,"column":12},"end":{"line":285,"column":48}},"43":{"start":{"line":286,"column":12},"end":{"line":286,"column":12814}},"44":{"start":{"line":287,"column":16},"end":{"line":287,"column":96}},"45":{"start":{"line":288,"column":16},"end":{"line":288,"column":58}},"46":{"start":{"line":289,"column":16},"end":{"line":289,"column":114}},"47":{"start":{"line":292,"column":12},"end":{"line":292,"column":48}},"48":{"start":{"line":293,"column":12},"end":{"line":293,"column":13216}},"49":{"start":{"line":294,"column":16},"end":{"line":294,"column":96}},"50":{"start":{"line":295,"column":16},"end":{"line":295,"column":58}},"51":{"start":{"line":296,"column":16},"end":{"line":296,"column":114}},"52":{"start":{"line":299,"column":8},"end":{"line":299,"column":13547}},"53":{"start":{"line":314,"column":8},"end":{"line":314,"column":29}},"54":{"start":{"line":315,"column":8},"end":{"line":315,"column":14165}},"55":{"start":{"line":316,"column":12},"end":{"line":316,"column":42}},"56":{"start":{"line":317,"column":15},"end":{"line":317,"column":14263}},"57":{"start":{"line":318,"column":12},"end":{"line":318,"column":42}},"58":{"start":{"line":320,"column":8},"end":{"line":320,"column":29}},"59":{"start":{"line":321,"column":8},"end":{"line":321,"column":91}},"60":{"start":{"line":323,"column":8},"end":{"line":323,"column":14491}},"61":{"start":{"line":324,"column":12},"end":{"line":324,"column":117}},"62":{"start":{"line":326,"column":12},"end":{"line":326,"column":118}},"63":{"start":{"line":328,"column":8},"end":{"line":328,"column":81}},"64":{"start":{"line":329,"column":8},"end":{"line":329,"column":22}},"65":{"start":{"line":344,"column":8},"end":{"line":344,"column":54}},"66":{"start":{"line":345,"column":8},"end":{"line":345,"column":70}},"67":{"start":{"line":346,"column":8},"end":{"line":346,"column":65}},"68":{"start":{"line":347,"column":8},"end":{"line":347,"column":52}},"69":{"start":{"line":348,"column":8},"end":{"line":348,"column":34}},"70":{"start":{"line":349,"column":8},"end":{"line":349,"column":36}},"71":{"start":{"line":350,"column":8},"end":{"line":350,"column":47}},"72":{"start":{"line":352,"column":8},"end":{"line":352,"column":84}},"73":{"start":{"line":362,"column":8},"end":{"line":362,"column":160}},"74":{"start":{"line":363,"column":8},"end":{"line":363,"column":50}},"75":{"start":{"line":364,"column":8},"end":{"line":364,"column":39}},"76":{"start":{"line":365,"column":8},"end":{"line":365,"column":41}},"77":{"start":{"line":376,"column":8},"end":{"line":376,"column":128}},"78":{"start":{"line":377,"column":8},"end":{"line":377,"column":61}},"79":{"start":{"line":379,"column":8},"end":{"line":379,"column":66}},"80":{"start":{"line":381,"column":12},"end":{"line":381,"column":95}},"81":{"start":{"line":383,"column":12},"end":{"line":383,"column":18463}},"82":{"start":{"line":384,"column":16},"end":{"line":384,"column":49}},"83":{"start":{"line":385,"column":16},"end":{"line":385,"column":18558}},"84":{"start":{"line":386,"column":20},"end":{"line":386,"column":120}},"85":{"start":{"line":388,"column":20},"end":{"line":388,"column":120}},"86":{"start":{"line":392,"column":12},"end":{"line":392,"column":18951}},"87":{"start":{"line":399,"column":12},"end":{"line":399,"column":63}},"88":{"start":{"line":403,"column":12},"end":{"line":403,"column":19453}},"89":{"start":{"line":410,"column":12},"end":{"line":410,"column":110}},"90":{"start":{"line":413,"column":12},"end":{"line":413,"column":28}},"91":{"start":{"line":414,"column":12},"end":{"line":414,"column":28}},"92":{"start":{"line":416,"column":12},"end":{"line":416,"column":20010}},"93":{"start":{"line":418,"column":16},"end":{"line":418,"column":62}},"94":{"start":{"line":419,"column":16},"end":{"line":419,"column":62}},"95":{"start":{"line":423,"column":12},"end":{"line":423,"column":96}},"96":{"start":{"line":424,"column":12},"end":{"line":424,"column":96}},"97":{"start":{"line":425,"column":12},"end":{"line":425,"column":51}},"98":{"start":{"line":427,"column":8},"end":{"line":427,"column":19}},"99":{"start":{"line":438,"column":8},"end":{"line":438,"column":21273}},"100":{"start":{"line":439,"column":12},"end":{"line":439,"column":21315}},"101":{"start":{"line":440,"column":16},"end":{"line":440,"column":46}},"102":{"start":{"line":441,"column":16},"end":{"line":441,"column":78}},"103":{"start":{"line":443,"column":16},"end":{"line":443,"column":82}},"104":{"start":{"line":446,"column":8},"end":{"line":446,"column":21628}},"105":{"start":{"line":447,"column":12},"end":{"line":447,"column":21658}},"106":{"start":{"line":448,"column":16},"end":{"line":448,"column":71}},"107":{"start":{"line":450,"column":16},"end":{"line":450,"column":75}},"108":{"start":{"line":463,"column":8},"end":{"line":463,"column":82}},"109":{"start":{"line":464,"column":8},"end":{"line":464,"column":45}},"110":{"start":{"line":469,"column":8},"end":{"line":469,"column":62}},"111":{"start":{"line":474,"column":8},"end":{"line":474,"column":36}},"112":{"start":{"line":475,"column":8},"end":{"line":475,"column":94}}},"branchMap":{"1":{"line":148,"type":"if","locations":[{"start":{"line":148,"column":8},"end":{"line":148,"column":8}},{"start":{"line":148,"column":8},"end":{"line":148,"column":8}}]},"2":{"line":154,"type":"if","locations":[{"start":{"line":154,"column":8},"end":{"line":154,"column":8}},{"start":{"line":154,"column":8},"end":{"line":154,"column":8}}]},"3":{"line":160,"type":"if","locations":[{"start":{"line":160,"column":8},"end":{"line":160,"column":8}},{"start":{"line":160,"column":8},"end":{"line":160,"column":8}}]},"4":{"line":166,"type":"if","locations":[{"start":{"line":166,"column":8},"end":{"line":166,"column":8}},{"start":{"line":166,"column":8},"end":{"line":166,"column":8}}]},"5":{"line":177,"type":"if","locations":[{"start":{"line":177,"column":8},"end":{"line":177,"column":8}},{"start":{"line":177,"column":8},"end":{"line":177,"column":8}}]},"6":{"line":229,"type":"if","locations":[{"start":{"line":229,"column":8},"end":{"line":229,"column":8}},{"start":{"line":229,"column":8},"end":{"line":229,"column":8}}]},"7":{"line":243,"type":"if","locations":[{"start":{"line":243,"column":8},"end":{"line":243,"column":8}},{"start":{"line":243,"column":8},"end":{"line":243,"column":8}}]},"8":{"line":270,"type":"if","locations":[{"start":{"line":270,"column":8},"end":{"line":270,"column":8}},{"start":{"line":270,"column":8},"end":{"line":270,"column":8}}]},"9":{"line":271,"type":"if","locations":[{"start":{"line":271,"column":8},"end":{"line":271,"column":8}},{"start":{"line":271,"column":8},"end":{"line":271,"column":8}}]},"10":{"line":276,"type":"if","locations":[{"start":{"line":276,"column":12},"end":{"line":276,"column":12}},{"start":{"line":276,"column":12},"end":{"line":276,"column":12}}]},"11":{"line":277,"type":"if","locations":[{"start":{"line":277,"column":16},"end":{"line":277,"column":16}},{"start":{"line":277,"column":16},"end":{"line":277,"column":16}}]},"12":{"line":279,"type":"if","locations":[{"start":{"line":279,"column":16},"end":{"line":279,"column":16}},{"start":{"line":279,"column":16},"end":{"line":279,"column":16}}]},"13":{"line":283,"type":"if","locations":[{"start":{"line":283,"column":8},"end":{"line":283,"column":8}},{"start":{"line":283,"column":8},"end":{"line":283,"column":8}}]},"14":{"line":286,"type":"if","locations":[{"start":{"line":286,"column":12},"end":{"line":286,"column":12}},{"start":{"line":286,"column":12},"end":{"line":286,"column":12}}]},"15":{"line":288,"type":"if","locations":[{"start":{"line":288,"column":16},"end":{"line":288,"column":16}},{"start":{"line":288,"column":16},"end":{"line":288,"column":16}}]},"16":{"line":293,"type":"if","locations":[{"start":{"line":293,"column":12},"end":{"line":293,"column":12}},{"start":{"line":293,"column":12},"end":{"line":293,"column":12}}]},"17":{"line":295,"type":"if","locations":[{"start":{"line":295,"column":16},"end":{"line":295,"column":16}},{"start":{"line":295,"column":16},"end":{"line":295,"column":16}}]},"18":{"line":315,"type":"if","locations":[{"start":{"line":315,"column":8},"end":{"line":315,"column":8}},{"start":{"line":315,"column":8},"end":{"line":315,"column":8}}]},"19":{"line":317,"type":"if","locations":[{"start":{"line":317,"column":15},"end":{"line":317,"column":15}},{"start":{"line":317,"column":15},"end":{"line":317,"column":15}}]},"20":{"line":323,"type":"if","locations":[{"start":{"line":323,"column":8},"end":{"line":323,"column":8}},{"start":{"line":323,"column":8},"end":{"line":323,"column":8}}]},"21":{"line":379,"type":"if","locations":[{"start":{"line":379,"column":8},"end":{"line":379,"column":8}},{"start":{"line":379,"column":8},"end":{"line":379,"column":8}}]},"22":{"line":383,"type":"if","locations":[{"start":{"line":383,"column":12},"end":{"line":383,"column":12}},{"start":{"line":383,"column":12},"end":{"line":383,"column":12}}]},"23":{"line":385,"type":"if","locations":[{"start":{"line":385,"column":16},"end":{"line":385,"column":16}},{"start":{"line":385,"column":16},"end":{"line":385,"column":16}}]},"24":{"line":386,"type":"if","locations":[{"start":{"line":386,"column":20},"end":{"line":386,"column":20}},{"start":{"line":386,"column":20},"end":{"line":386,"column":20}}]},"25":{"line":388,"type":"if","locations":[{"start":{"line":388,"column":20},"end":{"line":388,"column":20}},{"start":{"line":388,"column":20},"end":{"line":388,"column":20}}]},"26":{"line":416,"type":"if","locations":[{"start":{"line":416,"column":12},"end":{"line":416,"column":12}},{"start":{"line":416,"column":12},"end":{"line":416,"column":12}}]},"27":{"line":438,"type":"if","locations":[{"start":{"line":438,"column":8},"end":{"line":438,"column":8}},{"start":{"line":438,"column":8},"end":{"line":438,"column":8}}]},"28":{"line":439,"type":"if","locations":[{"start":{"line":439,"column":12},"end":{"line":439,"column":12}},{"start":{"line":439,"column":12},"end":{"line":439,"column":12}}]},"29":{"line":446,"type":"if","locations":[{"start":{"line":446,"column":8},"end":{"line":446,"column":8}},{"start":{"line":446,"column":8},"end":{"line":446,"column":8}}]},"30":{"line":447,"type":"if","locations":[{"start":{"line":447,"column":12},"end":{"line":447,"column":12}},{"start":{"line":447,"column":12},"end":{"line":447,"column":12}}]}}},
"contracts/test/TestERC20.sol":{"l":{"7":6,"8":6,"12":49,"13":49},"path":"/Users/rince/work/misc/unilimit/limitranger-contract/contracts/test/TestERC20.sol","s":{"1":6,"2":6,"3":49,"4":49},"b":{},"f":{"1":6,"2":49},"fnMap":{"1":{"name":"constructor","line":6,"loc":{"start":{"line":6,"column":4},"end":{"line":9,"column":4}}},"2":{"name":"mint","line":11,"loc":{"start":{"line":11,"column":4},"end":{"line":14,"column":4}}}},"statementMap":{"1":{"start":{"line":7,"column":8},"end":{"line":7,"column":31}},"2":{"start":{"line":8,"column":8},"end":{"line":8,"column":54}},"3":{"start":{"line":12,"column":8},"end":{"line":12,"column":24}},"4":{"start":{"line":13,"column":8},"end":{"line":13,"column":19}}},"branchMap":{}}}
