TN:
SF:/Users/rince/work/misc/unilimit/limitranger-contract/contracts/interfaces/uniswap/INonfungiblePositionManager.sol
FNF:0
FNH:0
LF:0
LH:0
BRF:0
BRH:0
end_of_record
TN:
SF:/Users/rince/work/misc/unilimit/limitranger-contract/contracts/interfaces/uniswap/IUniswapV3Factory.sol
FNF:0
FNH:0
LF:0
LH:0
BRF:0
BRH:0
end_of_record
TN:
SF:/Users/rince/work/misc/unilimit/limitranger-contract/contracts/interfaces/uniswap/IUniswapV3Pool.sol
FNF:0
FNH:0
LF:0
LH:0
BRF:0
BRH:0
end_of_record
TN:
SF:/Users/rince/work/misc/unilimit/limitranger-contract/contracts/interfaces/uniswap/IWETH9.sol
FNF:0
FNH:0
LF:0
LH:0
BRF:0
BRH:0
end_of_record
TN:
SF:/Users/rince/work/misc/unilimit/limitranger-contract/contracts/LimitRanger.sol
FN:133,constructor
FN:153,checkDeadline
FN:159,onlyOwner
FN:165,onlyOperator
FN:171,onlyDepositsActive
FN:182,setProtocolFeeReceiver
FN:190,setProtocolOperator
FN:198,setMinimumFee
FN:205,setDepositsActive
FN:212,setStopPositionReward
FN:226,getOwner
FN:233,getOwnedPositions
FN:240,getPositionInfo
FN:249,cancelPosition
FN:262,stopPosition
FN:275,retrieveNFT
FN:287,mintNewPosition
FN:366,_removePosition
FN:388,_storePositionInfo
FN:401,_payOutPosition
FN:464,_payOutToken
FN:493,retrieveEth
FN:498,retrieveERC20
FNF:23
FNH:23
FNDA:6,constructor
FNDA:34,checkDeadline
FNDA:5,onlyOwner
FNDA:26,onlyOperator
FNDA:35,onlyDepositsActive
FNDA:4,setProtocolFeeReceiver
FNDA:4,setProtocolOperator
FNDA:1,setMinimumFee
FNDA:3,setDepositsActive
FNDA:4,setStopPositionReward
FNDA:1,getOwner
FNDA:5,getOwnedPositions
FNDA:1,getPositionInfo
FNDA:2,cancelPosition
FNDA:9,stopPosition
FNDA:1,retrieveNFT
FNDA:33,mintNewPosition
FNDA:9,_removePosition
FNDA:25,_storePositionInfo
FNDA:11,_payOutPosition
FNDA:16,_payOutToken
FNDA:1,retrieveEth
FNDA:1,retrieveERC20
DA:138,6
DA:139,6
DA:140,6
DA:141,6
DA:142,6
DA:143,6
DA:144,6
DA:145,6
DA:146,6
DA:154,34
DA:155,33
DA:160,5
DA:161,3
DA:166,26
DA:167,18
DA:172,35
DA:173,34
DA:183,4
DA:184,3
DA:185,3
DA:191,4
DA:192,3
DA:193,3
DA:199,1
DA:200,1
DA:206,3
DA:207,3
DA:213,4
DA:214,3
DA:215,3
DA:227,1
DA:234,5
DA:241,1
DA:250,2
DA:251,2
DA:252,2
DA:254,2
DA:263,9
DA:264,9
DA:265,6
DA:266,6
DA:268,6
DA:276,1
DA:277,1
DA:292,33
DA:293,32
DA:294,31
DA:296,29
DA:298,29
DA:299,5
DA:300,1
DA:302,3
DA:304,1
DA:306,4
DA:309,27
DA:310,27
DA:312,27
DA:313,27
DA:314,20
DA:316,7
DA:320,25
DA:322,19
DA:323,18
DA:324,18
DA:327,6
DA:328,4
DA:329,4
DA:332,25
DA:347,25
DA:348,25
DA:350,25
DA:351,19
DA:353,6
DA:355,25
DA:356,25
DA:368,9
DA:371,9
DA:372,9
DA:373,9
DA:374,9
DA:375,9
DA:376,9
DA:377,9
DA:379,9
DA:389,25
DA:390,25
DA:391,25
DA:392,25
DA:403,11
DA:404,11
DA:406,11
DA:407,10
DA:408,10
DA:410,10
DA:411,8
DA:412,8
DA:413,5
DA:415,3
DA:419,8
DA:426,8
DA:428,8
DA:430,8
DA:437,8
DA:440,8
DA:441,8
DA:443,8
DA:445,6
DA:446,6
DA:450,8
DA:451,8
DA:452,8
DA:454,8
DA:465,16
DA:466,15
DA:467,2
DA:468,2
DA:470,13
DA:473,16
DA:475,12
DA:476,12
DA:477,1
DA:479,11
DA:481,12
DA:482,4
DA:483,1
DA:485,3
DA:494,1
DA:499,1
DA:500,1
LF:129
LH:129
BRDA:154,1,0,33
BRDA:154,1,1,1
BRDA:160,2,0,3
BRDA:160,2,1,2
BRDA:166,3,0,18
BRDA:166,3,1,8
BRDA:172,4,0,34
BRDA:172,4,1,1
BRDA:183,5,0,3
BRDA:183,5,1,1
BRDA:191,6,0,3
BRDA:191,6,1,1
BRDA:213,7,0,3
BRDA:213,7,1,1
BRDA:251,8,0,2
BRDA:251,8,1,0
BRDA:265,9,0,6
BRDA:265,9,1,0
BRDA:292,10,0,32
BRDA:292,10,1,1
BRDA:293,11,0,31
BRDA:293,11,1,1
BRDA:294,12,0,29
BRDA:294,12,1,2
BRDA:298,13,0,5
BRDA:298,13,1,24
BRDA:299,14,0,1
BRDA:299,14,1,4
BRDA:301,15,0,3
BRDA:301,15,1,1
BRDA:306,16,0,3
BRDA:306,16,1,1
BRDA:313,17,0,20
BRDA:313,17,1,7
BRDA:314,18,0,19
BRDA:314,18,1,1
BRDA:316,19,0,6
BRDA:316,19,1,1
BRDA:320,20,0,19
BRDA:320,20,1,6
BRDA:322,21,0,18
BRDA:322,21,1,1
BRDA:327,22,0,4
BRDA:327,22,1,2
BRDA:350,23,0,19
BRDA:350,23,1,6
BRDA:406,24,0,10
BRDA:406,24,1,1
BRDA:410,25,0,8
BRDA:410,25,1,2
BRDA:412,26,0,5
BRDA:412,26,1,3
BRDA:413,27,0,4
BRDA:413,27,1,1
BRDA:415,28,0,2
BRDA:415,28,1,1
BRDA:443,29,0,6
BRDA:443,29,1,2
BRDA:465,30,0,15
BRDA:465,30,1,1
BRDA:466,31,0,2
BRDA:466,31,1,13
BRDA:473,32,0,12
BRDA:473,32,1,4
BRDA:476,33,0,1
BRDA:476,33,1,11
BRDA:481,34,0,4
BRDA:481,34,1,8
BRDA:482,35,0,1
BRDA:482,35,1,3
BRF:70
BRH:68
end_of_record
TN:
SF:/Users/rince/work/misc/unilimit/limitranger-contract/contracts/test/TestERC20.sol
FN:9,constructor
FN:14,mint
FN:18,decimals
FNF:3
FNH:2
FNDA:6,constructor
FNDA:68,mint
FNDA:0,decimals
DA:10,6
DA:11,6
DA:15,68
DA:16,68
DA:19,0
LF:5
LH:4
BRF:0
BRH:0
end_of_record
TN:
SF:/Users/rince/work/misc/unilimit/limitranger-contract/contracts/test/TestERC721.sol
FN:6,constructor
FN:10,mint
FNF:2
FNH:1
FNDA:6,constructor
FNDA:0,mint
DA:11,0
DA:12,0
LF:2
LH:0
BRF:0
BRH:0
end_of_record
TN:
SF:/Users/rince/work/misc/unilimit/limitranger-contract/contracts/test/TestWETH9.sol
FN:16,
FN:19,deposit
FN:23,withdraw
FN:30,totalSupply
FN:34,approve
FN:40,transfer
FN:44,transferFrom
FNF:7
FNH:4
FNDA:0,
FNDA:2,deposit
FNDA:1,withdraw
FNDA:0,totalSupply
FNDA:2,approve
FNDA:0,transfer
FNDA:2,transferFrom
DA:17,0
DA:20,2
DA:21,2
DA:24,1
DA:25,1
DA:26,1
DA:27,1
DA:31,0
DA:35,2
DA:36,2
DA:37,2
DA:41,0
DA:48,2
DA:50,2
DA:51,1
DA:52,1
DA:55,2
DA:56,2
DA:58,2
DA:60,2
LF:20
LH:17
BRDA:24,1,0,1
BRDA:24,1,1,0
BRDA:48,2,0,2
BRDA:48,2,1,0
BRDA:50,3,0,1
BRDA:50,3,1,1
BRDA:51,4,0,1
BRDA:51,4,1,0
BRF:8
BRH:5
end_of_record
TN:
SF:/Users/rince/work/misc/unilimit/limitranger-contract/contracts/UniswapTransferHelper.sol
FN:16,safeTransferFrom
FN:32,safeTransfer
FN:51,safeApprove
FN:69,safeTransferETH
FNF:4
FNH:4
FNDA:22,safeTransferFrom
FNDA:28,safeTransfer
FNDA:22,safeApprove
FNDA:4,safeTransferETH
DA:22,22
DA:24,22
DA:37,28
DA:40,28
DA:56,22
DA:59,22
DA:70,4
DA:71,4
LF:8
LH:8
BRDA:24,1,0,22
BRDA:24,1,1,0
BRDA:40,2,0,28
BRDA:40,2,1,0
BRDA:59,3,0,22
BRDA:59,3,1,0
BRDA:71,4,0,4
BRDA:71,4,1,0
BRF:8
BRH:4
end_of_record
