TN:
SF:/Users/rince/work/misc/unilimit/limitranger-contract/contracts/LimitRanger.sol
FN:128,constructor
FN:147,checkDeadline
FN:153,onlyOwner
FN:159,onlyOperator
FN:165,onlyDepositsActive
FN:176,setProtocolFeeReceiver
FN:184,setMinimumFee
FN:191,setDepositsActive
FN:204,getOwner
FN:211,getOwnedPositions
FN:218,getPositionInfo
FN:227,cancelPosition
FN:240,stopPosition
FN:253,retrieveNFT
FN:265,mintNewPosition
FN:339,_removePosition
FN:361,_storePositionInfo
FN:374,_payOutPosition
FN:437,_payOutToken
FN:457,onERC721Received
FN:468,retrieveEth
FN:473,retrieveERC20
FNF:22
FNH:19
FNDA:3,constructor
FNDA:23,checkDeadline
FNDA:4,onlyOwner
FNDA:11,onlyOperator
FNDA:24,onlyDepositsActive
FNDA:1,setProtocolFeeReceiver
FNDA:1,setMinimumFee
FNDA:3,setDepositsActive
FNDA:0,getOwner
FNDA:4,getOwnedPositions
FNDA:0,getPositionInfo
FNDA:1,cancelPosition
FNDA:7,stopPosition
FNDA:1,retrieveNFT
FNDA:22,mintNewPosition
FNDA:6,_removePosition
FNDA:18,_storePositionInfo
FNDA:8,_payOutPosition
FNDA:10,_payOutToken
FNDA:0,onERC721Received
FNDA:1,retrieveEth
FNDA:1,retrieveERC20
DA:133,3
DA:134,3
DA:135,3
DA:136,3
DA:137,3
DA:138,3
DA:139,3
DA:140,3
DA:148,23
DA:149,22
DA:154,4
DA:155,2
DA:160,11
DA:161,7
DA:166,24
DA:167,23
DA:177,1
DA:178,1
DA:179,1
DA:185,1
DA:186,1
DA:192,3
DA:193,3
DA:205,0
DA:212,4
DA:219,0
DA:228,1
DA:229,1
DA:230,1
DA:232,1
DA:241,7
DA:242,7
DA:243,4
DA:244,4
DA:246,4
DA:254,1
DA:255,1
DA:270,22
DA:271,21
DA:272,20
DA:273,20
DA:275,20
DA:276,20
DA:277,15
DA:279,5
DA:283,18
DA:285,14
DA:286,14
DA:287,13
DA:288,13
DA:289,13
DA:292,4
DA:293,4
DA:294,3
DA:295,3
DA:296,3
DA:299,18
DA:314,18
DA:315,18
DA:316,1
DA:318,1
DA:320,18
DA:321,18
DA:323,18
DA:324,14
DA:326,4
DA:328,18
DA:329,18
DA:341,6
DA:344,6
DA:345,6
DA:346,6
DA:347,6
DA:348,6
DA:349,6
DA:350,6
DA:352,6
DA:362,18
DA:363,18
DA:364,18
DA:365,18
DA:376,8
DA:377,8
DA:379,8
DA:380,7
DA:381,7
DA:383,7
DA:384,6
DA:385,6
DA:386,4
DA:388,2
DA:392,5
DA:399,5
DA:401,5
DA:403,5
DA:410,5
DA:413,5
DA:414,5
DA:416,5
DA:418,4
DA:419,4
DA:423,5
DA:424,5
DA:425,5
DA:427,5
DA:438,10
DA:439,10
DA:440,0
DA:441,0
DA:443,10
DA:446,10
DA:447,8
DA:448,0
DA:450,8
DA:463,0
DA:464,0
DA:469,1
DA:474,1
DA:475,1
LF:119
LH:112
BRDA:148,1,0,22
BRDA:148,1,1,1
BRDA:154,2,0,2
BRDA:154,2,1,2
BRDA:160,3,0,7
BRDA:160,3,1,4
BRDA:166,4,0,23
BRDA:166,4,1,1
BRDA:177,5,0,1
BRDA:177,5,1,0
BRDA:229,6,0,1
BRDA:229,6,1,0
BRDA:243,7,0,4
BRDA:243,7,1,0
BRDA:270,8,0,21
BRDA:270,8,1,1
BRDA:271,9,0,20
BRDA:271,9,1,1
BRDA:276,10,0,15
BRDA:276,10,1,5
BRDA:277,11,0,14
BRDA:277,11,1,1
BRDA:279,12,0,4
BRDA:279,12,1,1
BRDA:283,13,0,14
BRDA:283,13,1,4
BRDA:286,14,0,13
BRDA:286,14,1,1
BRDA:288,15,0,13
BRDA:288,15,1,0
BRDA:293,16,0,3
BRDA:293,16,1,1
BRDA:295,17,0,3
BRDA:295,17,1,0
BRDA:315,18,0,1
BRDA:315,18,1,17
BRDA:317,19,0,1
BRDA:317,19,1,16
BRDA:323,20,0,14
BRDA:323,20,1,4
BRDA:379,21,0,7
BRDA:379,21,1,1
BRDA:383,22,0,6
BRDA:383,22,1,1
BRDA:385,23,0,4
BRDA:385,23,1,2
BRDA:386,24,0,3
BRDA:386,24,1,1
BRDA:388,25,0,1
BRDA:388,25,1,1
BRDA:416,26,0,4
BRDA:416,26,1,1
BRDA:438,27,0,10
BRDA:438,27,1,0
BRDA:439,28,0,0
BRDA:439,28,1,10
BRDA:446,29,0,8
BRDA:446,29,1,2
BRDA:447,30,0,0
BRDA:447,30,1,8
BRF:60
BRH:52
end_of_record
TN:
SF:/Users/rince/work/misc/unilimit/limitranger-contract/contracts/test/TestERC20.sol
FN:6,constructor
FN:11,mint
FNF:2
FNH:2
FNDA:6,constructor
FNDA:49,mint
DA:7,6
DA:8,6
DA:12,49
DA:13,49
LF:4
LH:4
BRF:0
BRH:0
end_of_record
